[2017-05-15 12:57:49,491] DEBUG     0[main] - DynamicSystemConfig.loadRawConfig(56) - parse file /com/navinfo/dataservice/commons/config/SystemConfig.xml
[2017-05-15 12:57:49,773] DEBUG   282[main] - DynamicSystemConfig.loadRawConfig(56) - parse file /SystemConfig.xml
[2017-05-15 12:57:49,779] ERROR   288[main] - DynamicSystemConfig.loadRawConfig(74) - null Nested exception: null
[2017-05-15 12:57:49,780]  WARN   289[main] - DynamicSystemConfig.loadRawConfig(75) - 加载配置文件/SystemConfig.xml错误，已忽略。。。
[2017-05-15 12:57:50,643]  INFO  1152[main] - DriverManagerDataSource.setDriverClassName(133) - Loaded JDBC driver: oracle.jdbc.driver.OracleDriver
[2017-05-15 12:57:50,643] DEBUG  1152[main] - DriverManagerDataSource.getConnectionFromDriver(142) - Creating new JDBC DriverManager Connection to [jdbc:oracle:thin:@192.168.4.131:1521/orcl]
[2017-05-15 12:58:12,037] ERROR 22546[main] - DynamicSystemConfig.loadDynamicConfig(114) - Io 异常: The Network Adapter could not establish the connection
java.sql.SQLRecoverableException: Io 异常: The Network Adapter could not establish the connection
	at oracle.jdbc.driver.SQLStateMapping.newSQLException(SQLStateMapping.java:101)
	at oracle.jdbc.driver.DatabaseError.newSQLException(DatabaseError.java:112)
	at oracle.jdbc.driver.DatabaseError.throwSqlException(DatabaseError.java:173)
	at oracle.jdbc.driver.DatabaseError.throwSqlException(DatabaseError.java:229)
	at oracle.jdbc.driver.DatabaseError.throwSqlException(DatabaseError.java:458)
	at oracle.jdbc.driver.T4CConnection.logon(T4CConnection.java:411)
	at oracle.jdbc.driver.PhysicalConnection.<init>(PhysicalConnection.java:490)
	at oracle.jdbc.driver.T4CConnection.<init>(T4CConnection.java:202)
	at oracle.jdbc.driver.T4CDriverExtension.getConnection(T4CDriverExtension.java:33)
	at oracle.jdbc.driver.OracleDriver.connect(OracleDriver.java:474)
	at java.sql.DriverManager.getConnection(DriverManager.java:571)
	at java.sql.DriverManager.getConnection(DriverManager.java:187)
	at com.navinfo.dataservice.commons.database.oracle.MyDriverManagerDataSource.getConnectionFromDriverManager(MyDriverManagerDataSource.java:39)
	at org.springframework.jdbc.datasource.DriverManagerDataSource.getConnectionFromDriver(DriverManagerDataSource.java:144)
	at org.springframework.jdbc.datasource.AbstractDriverBasedDataSource.getConnectionFromDriver(AbstractDriverBasedDataSource.java:155)
	at org.springframework.jdbc.datasource.AbstractDriverBasedDataSource.getConnection(AbstractDriverBasedDataSource.java:120)
	at com.navinfo.dataservice.commons.database.oracle.MyDriverManagerDataSource.wrapConnection(MyDriverManagerDataSource.java:52)
	at com.navinfo.dataservice.commons.database.oracle.MyDriverManagerDataSource.getConnection(MyDriverManagerDataSource.java:47)
	at com.navinfo.dataservice.commons.config.DynamicSystemConfig.loadDynamicConfig(DynamicSystemConfig.java:99)
	at com.navinfo.dataservice.commons.config.DynamicSystemConfig.<init>(DynamicSystemConfig.java:51)
	at com.navinfo.dataservice.commons.config.DynamicSystemConfig.<init>(DynamicSystemConfig.java:37)
	at com.navinfo.dataservice.commons.config.DynamicSystemConfig$SingletonHolder.<clinit>(DynamicSystemConfig.java:40)
	at com.navinfo.dataservice.commons.config.DynamicSystemConfig.getInstance(DynamicSystemConfig.java:43)
	at com.navinfo.dataservice.commons.config.SystemConfigFactory.getSystemConfig(SystemConfigFactory.java:11)
	at com.navinfo.dataservice.dao.fcc.SolrConnector.getClient(SolrConnector.java:24)
	at com.navinfo.dataservice.dao.fcc.SolrController.<init>(SolrController.java:30)
	at com.navinfo.dataservice.engine.fcc.tips.TipsSelector.<init>(TipsSelector.java:49)
	at com.navinfo.dataservice.engine.fcc.tips.TipsSelector.main(TipsSelector.java:2061)
[2017-05-15 12:58:12,039]  WARN 22548[main] - DynamicSystemConfig.loadDynamicConfig(115) - 加载动态配置信息表SYS_CONFIG错误，已忽略。。。
[2017-05-15 12:58:59,993] DEBUG     1[main] - DynamicSystemConfig.loadRawConfig(56) - parse file /com/navinfo/dataservice/commons/config/SystemConfig.xml
[2017-05-15 12:59:00,125] DEBUG   133[main] - DynamicSystemConfig.loadRawConfig(56) - parse file /SystemConfig.xml
[2017-05-15 12:59:00,136] ERROR   144[main] - DynamicSystemConfig.loadRawConfig(74) - null Nested exception: null
[2017-05-15 12:59:00,136]  WARN   144[main] - DynamicSystemConfig.loadRawConfig(75) - 加载配置文件/SystemConfig.xml错误，已忽略。。。
[2017-05-15 12:59:00,345]  INFO   353[main] - DriverManagerDataSource.setDriverClassName(133) - Loaded JDBC driver: oracle.jdbc.driver.OracleDriver
[2017-05-15 12:59:00,346] DEBUG   354[main] - DriverManagerDataSource.getConnectionFromDriver(142) - Creating new JDBC DriverManager Connection to [jdbc:oracle:thin:@192.168.4.131:1521/orcl]
[2017-05-15 12:59:21,477] ERROR 21485[main] - DynamicSystemConfig.loadDynamicConfig(114) - Io 异常: The Network Adapter could not establish the connection
java.sql.SQLRecoverableException: Io 异常: The Network Adapter could not establish the connection
	at oracle.jdbc.driver.SQLStateMapping.newSQLException(SQLStateMapping.java:101)
	at oracle.jdbc.driver.DatabaseError.newSQLException(DatabaseError.java:112)
	at oracle.jdbc.driver.DatabaseError.throwSqlException(DatabaseError.java:173)
	at oracle.jdbc.driver.DatabaseError.throwSqlException(DatabaseError.java:229)
	at oracle.jdbc.driver.DatabaseError.throwSqlException(DatabaseError.java:458)
	at oracle.jdbc.driver.T4CConnection.logon(T4CConnection.java:411)
	at oracle.jdbc.driver.PhysicalConnection.<init>(PhysicalConnection.java:490)
	at oracle.jdbc.driver.T4CConnection.<init>(T4CConnection.java:202)
	at oracle.jdbc.driver.T4CDriverExtension.getConnection(T4CDriverExtension.java:33)
	at oracle.jdbc.driver.OracleDriver.connect(OracleDriver.java:474)
	at java.sql.DriverManager.getConnection(DriverManager.java:571)
	at java.sql.DriverManager.getConnection(DriverManager.java:187)
	at com.navinfo.dataservice.commons.database.oracle.MyDriverManagerDataSource.getConnectionFromDriverManager(MyDriverManagerDataSource.java:39)
	at org.springframework.jdbc.datasource.DriverManagerDataSource.getConnectionFromDriver(DriverManagerDataSource.java:144)
	at org.springframework.jdbc.datasource.AbstractDriverBasedDataSource.getConnectionFromDriver(AbstractDriverBasedDataSource.java:155)
	at org.springframework.jdbc.datasource.AbstractDriverBasedDataSource.getConnection(AbstractDriverBasedDataSource.java:120)
	at com.navinfo.dataservice.commons.database.oracle.MyDriverManagerDataSource.wrapConnection(MyDriverManagerDataSource.java:52)
	at com.navinfo.dataservice.commons.database.oracle.MyDriverManagerDataSource.getConnection(MyDriverManagerDataSource.java:47)
	at com.navinfo.dataservice.commons.config.DynamicSystemConfig.loadDynamicConfig(DynamicSystemConfig.java:99)
	at com.navinfo.dataservice.commons.config.DynamicSystemConfig.<init>(DynamicSystemConfig.java:51)
	at com.navinfo.dataservice.commons.config.DynamicSystemConfig.<init>(DynamicSystemConfig.java:37)
	at com.navinfo.dataservice.commons.config.DynamicSystemConfig$SingletonHolder.<clinit>(DynamicSystemConfig.java:40)
	at com.navinfo.dataservice.commons.config.DynamicSystemConfig.getInstance(DynamicSystemConfig.java:43)
	at com.navinfo.dataservice.commons.config.SystemConfigFactory.getSystemConfig(SystemConfigFactory.java:11)
	at com.navinfo.dataservice.dao.fcc.SolrConnector.getClient(SolrConnector.java:24)
	at com.navinfo.dataservice.dao.fcc.SolrController.<init>(SolrController.java:30)
	at com.navinfo.dataservice.engine.fcc.tips.TipsSelector.<init>(TipsSelector.java:49)
	at com.navinfo.dataservice.engine.fcc.tips.TipsSelector.main(TipsSelector.java:2061)
[2017-05-15 12:59:21,478]  WARN 21486[main] - DynamicSystemConfig.loadDynamicConfig(115) - 加载动态配置信息表SYS_CONFIG错误，已忽略。。。
[2017-05-15 13:03:12,467] ERROR     0[main] - TipsSelector.searchDataByTileWithGap(542) - 渲染报错，数据错误：Server refused connection at: http://192.168.4.130:8081/solr/tips_sprint6null
[2017-05-15 13:34:38,231] DEBUG     0[main] - DynamicSystemConfig.loadRawConfig(56) - parse file /com/navinfo/dataservice/commons/config/SystemConfig.xml
[2017-05-15 13:34:38,390] DEBUG   159[main] - DynamicSystemConfig.loadRawConfig(56) - parse file /SystemConfig.xml
[2017-05-15 13:34:38,394] ERROR   163[main] - DynamicSystemConfig.loadRawConfig(74) - null Nested exception: null
[2017-05-15 13:34:38,394]  WARN   163[main] - DynamicSystemConfig.loadRawConfig(75) - 加载配置文件/SystemConfig.xml错误，已忽略。。。
[2017-05-15 13:34:38,579]  INFO   348[main] - DriverManagerDataSource.setDriverClassName(133) - Loaded JDBC driver: oracle.jdbc.driver.OracleDriver
[2017-05-15 13:34:38,580] DEBUG   349[main] - DriverManagerDataSource.getConnectionFromDriver(142) - Creating new JDBC DriverManager Connection to [jdbc:oracle:thin:@192.168.4.131:1521/orcl]
[2017-05-15 13:34:39,871]  WARN  1640[main] - DynamicSystemConfig.loadDynamicConfig(110) - 系统未配置app.type类型，已忽略。。。
[2017-05-15 19:10:21,996] DEBUG     0[main] - DynamicSystemConfig.loadRawConfig(56) - parse file /com/navinfo/dataservice/commons/config/SystemConfig.xml
[2017-05-15 19:10:22,216] DEBUG   220[main] - DynamicSystemConfig.loadRawConfig(56) - parse file /SystemConfig.xml
[2017-05-15 19:10:22,223] ERROR   227[main] - DynamicSystemConfig.loadRawConfig(74) - null Nested exception: null
[2017-05-15 19:10:22,224]  WARN   228[main] - DynamicSystemConfig.loadRawConfig(75) - 加载配置文件/SystemConfig.xml错误，已忽略。。。
[2017-05-15 19:10:23,253]  INFO  1257[main] - DriverManagerDataSource.setDriverClassName(133) - Loaded JDBC driver: oracle.jdbc.driver.OracleDriver
[2017-05-15 19:10:23,254] DEBUG  1258[main] - DriverManagerDataSource.getConnectionFromDriver(142) - Creating new JDBC DriverManager Connection to [jdbc:oracle:thin:@192.168.4.131:1521/orcl]
[2017-05-15 19:10:24,576]  WARN  2580[main] - DynamicSystemConfig.loadDynamicConfig(110) - 系统未配置app.type类型，已忽略。。。
[2017-05-15 19:10:25,735] ERROR  3739[main] - Shell.getWinUtilsPath(373) - Failed to locate the winutils binary in the hadoop binary path
java.io.IOException: Could not locate executable null\bin\winutils.exe in the Hadoop binaries.
	at org.apache.hadoop.util.Shell.getQualifiedBinPath(Shell.java:355)
	at org.apache.hadoop.util.Shell.getWinUtilsPath(Shell.java:370)
	at org.apache.hadoop.util.Shell.<clinit>(Shell.java:363)
	at org.apache.hadoop.util.StringUtils.<clinit>(StringUtils.java:79)
	at org.apache.hadoop.security.Groups.parseStaticMapping(Groups.java:104)
	at org.apache.hadoop.security.Groups.<init>(Groups.java:86)
	at org.apache.hadoop.security.Groups.<init>(Groups.java:66)
	at org.apache.hadoop.security.Groups.getUserToGroupsMappingService(Groups.java:280)
	at org.apache.hadoop.security.UserGroupInformation.initialize(UserGroupInformation.java:271)
	at org.apache.hadoop.security.UserGroupInformation.ensureInitialized(UserGroupInformation.java:248)
	at org.apache.hadoop.security.UserGroupInformation.loginUserFromSubject(UserGroupInformation.java:763)
	at org.apache.hadoop.security.UserGroupInformation.getLoginUser(UserGroupInformation.java:748)
	at org.apache.hadoop.security.UserGroupInformation.getCurrentUser(UserGroupInformation.java:621)
	at org.apache.hadoop.hbase.security.User$SecureHadoopUser.<init>(User.java:285)
	at org.apache.hadoop.hbase.security.User$SecureHadoopUser.<init>(User.java:281)
	at org.apache.hadoop.hbase.security.User.getCurrent(User.java:185)
	at org.apache.hadoop.hbase.security.UserProvider.getCurrent(UserProvider.java:88)
	at org.apache.hadoop.hbase.client.ConnectionFactory.createConnection(ConnectionFactory.java:215)
	at org.apache.hadoop.hbase.client.ConnectionFactory.createConnection(ConnectionFactory.java:119)
	at com.navinfo.dataservice.dao.fcc.HBaseConnector.getConnection(HBaseConnector.java:53)
	at com.navinfo.dataservice.engine.fcc.track.TrackUpload.run(TrackUpload.java:60)
	at com.navinfo.dataservice.engine.fcc.track.TrackUpload.main(TrackUpload.java:174)
	at sun.reflect.NativeMethodAccessorImpl.invoke0(Native Method)
	at sun.reflect.NativeMethodAccessorImpl.invoke(NativeMethodAccessorImpl.java:57)
	at sun.reflect.DelegatingMethodAccessorImpl.invoke(DelegatingMethodAccessorImpl.java:43)
	at java.lang.reflect.Method.invoke(Method.java:606)
	at com.intellij.rt.execution.application.AppMain.main(AppMain.java:144)
[2017-05-15 19:26:57,221] DEBUG     0[main] - DynamicSystemConfig.loadRawConfig(56) - parse file /com/navinfo/dataservice/commons/config/SystemConfig.xml
[2017-05-15 19:26:57,329] DEBUG   108[main] - DynamicSystemConfig.loadRawConfig(56) - parse file /SystemConfig.xml
[2017-05-15 19:26:57,333] ERROR   112[main] - DynamicSystemConfig.loadRawConfig(74) - null Nested exception: null
[2017-05-15 19:26:57,334]  WARN   113[main] - DynamicSystemConfig.loadRawConfig(75) - 加载配置文件/SystemConfig.xml错误，已忽略。。。
[2017-05-15 19:26:57,592]  INFO   371[main] - DriverManagerDataSource.setDriverClassName(133) - Loaded JDBC driver: oracle.jdbc.driver.OracleDriver
[2017-05-15 19:26:57,592] DEBUG   371[main] - DriverManagerDataSource.getConnectionFromDriver(142) - Creating new JDBC DriverManager Connection to [jdbc:oracle:thin:@192.168.4.131:1521/orcl]
[2017-05-15 19:26:59,146]  WARN  1925[main] - DynamicSystemConfig.loadDynamicConfig(110) - 系统未配置app.type类型，已忽略。。。
[2017-05-15 19:27:00,038] ERROR  2817[main] - Shell.getWinUtilsPath(373) - Failed to locate the winutils binary in the hadoop binary path
java.io.IOException: Could not locate executable null\bin\winutils.exe in the Hadoop binaries.
	at org.apache.hadoop.util.Shell.getQualifiedBinPath(Shell.java:355)
	at org.apache.hadoop.util.Shell.getWinUtilsPath(Shell.java:370)
	at org.apache.hadoop.util.Shell.<clinit>(Shell.java:363)
	at org.apache.hadoop.util.StringUtils.<clinit>(StringUtils.java:79)
	at org.apache.hadoop.security.Groups.parseStaticMapping(Groups.java:104)
	at org.apache.hadoop.security.Groups.<init>(Groups.java:86)
	at org.apache.hadoop.security.Groups.<init>(Groups.java:66)
	at org.apache.hadoop.security.Groups.getUserToGroupsMappingService(Groups.java:280)
	at org.apache.hadoop.security.UserGroupInformation.initialize(UserGroupInformation.java:271)
	at org.apache.hadoop.security.UserGroupInformation.ensureInitialized(UserGroupInformation.java:248)
	at org.apache.hadoop.security.UserGroupInformation.loginUserFromSubject(UserGroupInformation.java:763)
	at org.apache.hadoop.security.UserGroupInformation.getLoginUser(UserGroupInformation.java:748)
	at org.apache.hadoop.security.UserGroupInformation.getCurrentUser(UserGroupInformation.java:621)
	at org.apache.hadoop.hbase.security.User$SecureHadoopUser.<init>(User.java:285)
	at org.apache.hadoop.hbase.security.User$SecureHadoopUser.<init>(User.java:281)
	at org.apache.hadoop.hbase.security.User.getCurrent(User.java:185)
	at org.apache.hadoop.hbase.security.UserProvider.getCurrent(UserProvider.java:88)
	at org.apache.hadoop.hbase.client.ConnectionFactory.createConnection(ConnectionFactory.java:215)
	at org.apache.hadoop.hbase.client.ConnectionFactory.createConnection(ConnectionFactory.java:119)
	at com.navinfo.dataservice.dao.fcc.HBaseConnector.getConnection(HBaseConnector.java:53)
	at com.navinfo.dataservice.engine.fcc.track.TrackUpload.run(TrackUpload.java:60)
	at com.navinfo.dataservice.engine.fcc.track.TrackUpload.main(TrackUpload.java:174)
	at sun.reflect.NativeMethodAccessorImpl.invoke0(Native Method)
	at sun.reflect.NativeMethodAccessorImpl.invoke(NativeMethodAccessorImpl.java:57)
	at sun.reflect.DelegatingMethodAccessorImpl.invoke(DelegatingMethodAccessorImpl.java:43)
	at java.lang.reflect.Method.invoke(Method.java:606)
	at com.intellij.rt.execution.application.AppMain.main(AppMain.java:144)
[2017-05-15 19:29:45,201] DEBUG     0[main] - DynamicSystemConfig.loadRawConfig(56) - parse file /com/navinfo/dataservice/commons/config/SystemConfig.xml
[2017-05-15 19:29:45,376] DEBUG   175[main] - DynamicSystemConfig.loadRawConfig(56) - parse file /SystemConfig.xml
[2017-05-15 19:29:45,381] ERROR   180[main] - DynamicSystemConfig.loadRawConfig(74) - null Nested exception: null
[2017-05-15 19:29:45,382]  WARN   181[main] - DynamicSystemConfig.loadRawConfig(75) - 加载配置文件/SystemConfig.xml错误，已忽略。。。
[2017-05-15 19:29:45,524]  INFO   323[main] - DriverManagerDataSource.setDriverClassName(133) - Loaded JDBC driver: oracle.jdbc.driver.OracleDriver
[2017-05-15 19:29:45,524] DEBUG   323[main] - DriverManagerDataSource.getConnectionFromDriver(142) - Creating new JDBC DriverManager Connection to [jdbc:oracle:thin:@192.168.4.131:1521/orcl]
[2017-05-15 19:29:47,123]  WARN  1922[main] - DynamicSystemConfig.loadDynamicConfig(110) - 系统未配置app.type类型，已忽略。。。
[2017-05-15 19:29:47,761] ERROR  2560[main] - Shell.getWinUtilsPath(373) - Failed to locate the winutils binary in the hadoop binary path
java.io.IOException: Could not locate executable null\bin\winutils.exe in the Hadoop binaries.
	at org.apache.hadoop.util.Shell.getQualifiedBinPath(Shell.java:355)
	at org.apache.hadoop.util.Shell.getWinUtilsPath(Shell.java:370)
	at org.apache.hadoop.util.Shell.<clinit>(Shell.java:363)
	at org.apache.hadoop.util.StringUtils.<clinit>(StringUtils.java:79)
	at org.apache.hadoop.security.Groups.parseStaticMapping(Groups.java:104)
	at org.apache.hadoop.security.Groups.<init>(Groups.java:86)
	at org.apache.hadoop.security.Groups.<init>(Groups.java:66)
	at org.apache.hadoop.security.Groups.getUserToGroupsMappingService(Groups.java:280)
	at org.apache.hadoop.security.UserGroupInformation.initialize(UserGroupInformation.java:271)
	at org.apache.hadoop.security.UserGroupInformation.ensureInitialized(UserGroupInformation.java:248)
	at org.apache.hadoop.security.UserGroupInformation.loginUserFromSubject(UserGroupInformation.java:763)
	at org.apache.hadoop.security.UserGroupInformation.getLoginUser(UserGroupInformation.java:748)
	at org.apache.hadoop.security.UserGroupInformation.getCurrentUser(UserGroupInformation.java:621)
	at org.apache.hadoop.hbase.security.User$SecureHadoopUser.<init>(User.java:285)
	at org.apache.hadoop.hbase.security.User$SecureHadoopUser.<init>(User.java:281)
	at org.apache.hadoop.hbase.security.User.getCurrent(User.java:185)
	at org.apache.hadoop.hbase.security.UserProvider.getCurrent(UserProvider.java:88)
	at org.apache.hadoop.hbase.client.ConnectionFactory.createConnection(ConnectionFactory.java:215)
	at org.apache.hadoop.hbase.client.ConnectionFactory.createConnection(ConnectionFactory.java:119)
	at com.navinfo.dataservice.dao.fcc.HBaseConnector.getConnection(HBaseConnector.java:53)
	at com.navinfo.dataservice.engine.fcc.track.TrackUpload.run(TrackUpload.java:60)
	at com.navinfo.dataservice.engine.fcc.track.TrackUpload.main(TrackUpload.java:174)
	at sun.reflect.NativeMethodAccessorImpl.invoke0(Native Method)
	at sun.reflect.NativeMethodAccessorImpl.invoke(NativeMethodAccessorImpl.java:57)
	at sun.reflect.DelegatingMethodAccessorImpl.invoke(DelegatingMethodAccessorImpl.java:43)
	at java.lang.reflect.Method.invoke(Method.java:606)
	at com.intellij.rt.execution.application.AppMain.main(AppMain.java:144)
[2017-05-15 19:34:58,621] DEBUG     0[main] - DynamicSystemConfig.loadRawConfig(56) - parse file /com/navinfo/dataservice/commons/config/SystemConfig.xml
[2017-05-15 19:34:58,755] DEBUG   134[main] - DynamicSystemConfig.loadRawConfig(56) - parse file /SystemConfig.xml
[2017-05-15 19:34:58,767] ERROR   146[main] - DynamicSystemConfig.loadRawConfig(74) - null Nested exception: null
[2017-05-15 19:34:58,767]  WARN   146[main] - DynamicSystemConfig.loadRawConfig(75) - 加载配置文件/SystemConfig.xml错误，已忽略。。。
[2017-05-15 19:34:58,946]  INFO   325[main] - DriverManagerDataSource.setDriverClassName(133) - Loaded JDBC driver: oracle.jdbc.driver.OracleDriver
[2017-05-15 19:34:58,947] DEBUG   326[main] - DriverManagerDataSource.getConnectionFromDriver(142) - Creating new JDBC DriverManager Connection to [jdbc:oracle:thin:@192.168.4.131:1521/orcl]
[2017-05-15 19:35:00,145]  WARN  1524[main] - DynamicSystemConfig.loadDynamicConfig(110) - 系统未配置app.type类型，已忽略。。。
[2017-05-15 19:35:00,845] ERROR  2224[main] - Shell.getWinUtilsPath(373) - Failed to locate the winutils binary in the hadoop binary path
java.io.IOException: Could not locate executable null\bin\winutils.exe in the Hadoop binaries.
	at org.apache.hadoop.util.Shell.getQualifiedBinPath(Shell.java:355)
	at org.apache.hadoop.util.Shell.getWinUtilsPath(Shell.java:370)
	at org.apache.hadoop.util.Shell.<clinit>(Shell.java:363)
	at org.apache.hadoop.util.StringUtils.<clinit>(StringUtils.java:79)
	at org.apache.hadoop.security.Groups.parseStaticMapping(Groups.java:104)
	at org.apache.hadoop.security.Groups.<init>(Groups.java:86)
	at org.apache.hadoop.security.Groups.<init>(Groups.java:66)
	at org.apache.hadoop.security.Groups.getUserToGroupsMappingService(Groups.java:280)
	at org.apache.hadoop.security.UserGroupInformation.initialize(UserGroupInformation.java:271)
	at org.apache.hadoop.security.UserGroupInformation.ensureInitialized(UserGroupInformation.java:248)
	at org.apache.hadoop.security.UserGroupInformation.loginUserFromSubject(UserGroupInformation.java:763)
	at org.apache.hadoop.security.UserGroupInformation.getLoginUser(UserGroupInformation.java:748)
	at org.apache.hadoop.security.UserGroupInformation.getCurrentUser(UserGroupInformation.java:621)
	at org.apache.hadoop.hbase.security.User$SecureHadoopUser.<init>(User.java:285)
	at org.apache.hadoop.hbase.security.User$SecureHadoopUser.<init>(User.java:281)
	at org.apache.hadoop.hbase.security.User.getCurrent(User.java:185)
	at org.apache.hadoop.hbase.security.UserProvider.getCurrent(UserProvider.java:88)
	at org.apache.hadoop.hbase.client.ConnectionFactory.createConnection(ConnectionFactory.java:215)
	at org.apache.hadoop.hbase.client.ConnectionFactory.createConnection(ConnectionFactory.java:119)
	at com.navinfo.dataservice.dao.fcc.HBaseConnector.getConnection(HBaseConnector.java:53)
	at com.navinfo.dataservice.engine.fcc.track.TrackUpload.run(TrackUpload.java:60)
	at com.navinfo.dataservice.engine.fcc.track.TrackUpload.main(TrackUpload.java:174)
	at sun.reflect.NativeMethodAccessorImpl.invoke0(Native Method)
	at sun.reflect.NativeMethodAccessorImpl.invoke(NativeMethodAccessorImpl.java:57)
	at sun.reflect.DelegatingMethodAccessorImpl.invoke(DelegatingMethodAccessorImpl.java:43)
	at java.lang.reflect.Method.invoke(Method.java:606)
	at com.intellij.rt.execution.application.AppMain.main(AppMain.java:144)
[2017-05-15 19:39:02,091] DEBUG     0[main] - DynamicSystemConfig.loadRawConfig(56) - parse file /com/navinfo/dataservice/commons/config/SystemConfig.xml
[2017-05-15 19:39:02,210] DEBUG   119[main] - DynamicSystemConfig.loadRawConfig(56) - parse file /SystemConfig.xml
[2017-05-15 19:39:02,218] ERROR   127[main] - DynamicSystemConfig.loadRawConfig(74) - null Nested exception: null
[2017-05-15 19:39:02,218]  WARN   127[main] - DynamicSystemConfig.loadRawConfig(75) - 加载配置文件/SystemConfig.xml错误，已忽略。。。
[2017-05-15 19:39:02,340]  INFO   249[main] - DriverManagerDataSource.setDriverClassName(133) - Loaded JDBC driver: oracle.jdbc.driver.OracleDriver
[2017-05-15 19:39:02,340] DEBUG   249[main] - DriverManagerDataSource.getConnectionFromDriver(142) - Creating new JDBC DriverManager Connection to [jdbc:oracle:thin:@192.168.4.131:1521/orcl]
[2017-05-15 19:39:04,319]  WARN  2228[main] - DynamicSystemConfig.loadDynamicConfig(110) - 系统未配置app.type类型，已忽略。。。
[2017-05-15 19:39:04,911] ERROR  2820[main] - Shell.getWinUtilsPath(373) - Failed to locate the winutils binary in the hadoop binary path
java.io.IOException: Could not locate executable null\bin\winutils.exe in the Hadoop binaries.
	at org.apache.hadoop.util.Shell.getQualifiedBinPath(Shell.java:355)
	at org.apache.hadoop.util.Shell.getWinUtilsPath(Shell.java:370)
	at org.apache.hadoop.util.Shell.<clinit>(Shell.java:363)
	at org.apache.hadoop.util.StringUtils.<clinit>(StringUtils.java:79)
	at org.apache.hadoop.security.Groups.parseStaticMapping(Groups.java:104)
	at org.apache.hadoop.security.Groups.<init>(Groups.java:86)
	at org.apache.hadoop.security.Groups.<init>(Groups.java:66)
	at org.apache.hadoop.security.Groups.getUserToGroupsMappingService(Groups.java:280)
	at org.apache.hadoop.security.UserGroupInformation.initialize(UserGroupInformation.java:271)
	at org.apache.hadoop.security.UserGroupInformation.ensureInitialized(UserGroupInformation.java:248)
	at org.apache.hadoop.security.UserGroupInformation.loginUserFromSubject(UserGroupInformation.java:763)
	at org.apache.hadoop.security.UserGroupInformation.getLoginUser(UserGroupInformation.java:748)
	at org.apache.hadoop.security.UserGroupInformation.getCurrentUser(UserGroupInformation.java:621)
	at org.apache.hadoop.hbase.security.User$SecureHadoopUser.<init>(User.java:285)
	at org.apache.hadoop.hbase.security.User$SecureHadoopUser.<init>(User.java:281)
	at org.apache.hadoop.hbase.security.User.getCurrent(User.java:185)
	at org.apache.hadoop.hbase.security.UserProvider.getCurrent(UserProvider.java:88)
	at org.apache.hadoop.hbase.client.ConnectionFactory.createConnection(ConnectionFactory.java:215)
	at org.apache.hadoop.hbase.client.ConnectionFactory.createConnection(ConnectionFactory.java:119)
	at com.navinfo.dataservice.dao.fcc.HBaseConnector.getConnection(HBaseConnector.java:53)
	at com.navinfo.dataservice.engine.fcc.track.TrackUpload.run(TrackUpload.java:60)
	at com.navinfo.dataservice.engine.fcc.track.TrackUpload.main(TrackUpload.java:174)
	at sun.reflect.NativeMethodAccessorImpl.invoke0(Native Method)
	at sun.reflect.NativeMethodAccessorImpl.invoke(NativeMethodAccessorImpl.java:57)
	at sun.reflect.DelegatingMethodAccessorImpl.invoke(DelegatingMethodAccessorImpl.java:43)
	at java.lang.reflect.Method.invoke(Method.java:606)
	at com.intellij.rt.execution.application.AppMain.main(AppMain.java:144)
[2017-05-15 19:40:06,700] DEBUG     0[main] - DynamicSystemConfig.loadRawConfig(56) - parse file /com/navinfo/dataservice/commons/config/SystemConfig.xml
[2017-05-15 19:40:06,834] DEBUG   134[main] - DynamicSystemConfig.loadRawConfig(56) - parse file /SystemConfig.xml
[2017-05-15 19:40:06,839] ERROR   139[main] - DynamicSystemConfig.loadRawConfig(74) - null Nested exception: null
[2017-05-15 19:40:06,840]  WARN   140[main] - DynamicSystemConfig.loadRawConfig(75) - 加载配置文件/SystemConfig.xml错误，已忽略。。。
[2017-05-15 19:40:06,974]  INFO   274[main] - DriverManagerDataSource.setDriverClassName(133) - Loaded JDBC driver: oracle.jdbc.driver.OracleDriver
[2017-05-15 19:40:06,974] DEBUG   274[main] - DriverManagerDataSource.getConnectionFromDriver(142) - Creating new JDBC DriverManager Connection to [jdbc:oracle:thin:@192.168.4.131:1521/orcl]
[2017-05-15 19:40:08,220]  WARN  1520[main] - DynamicSystemConfig.loadDynamicConfig(110) - 系统未配置app.type类型，已忽略。。。
[2017-05-15 19:40:08,887] ERROR  2187[main] - Shell.getWinUtilsPath(373) - Failed to locate the winutils binary in the hadoop binary path
java.io.IOException: Could not locate executable null\bin\winutils.exe in the Hadoop binaries.
	at org.apache.hadoop.util.Shell.getQualifiedBinPath(Shell.java:355)
	at org.apache.hadoop.util.Shell.getWinUtilsPath(Shell.java:370)
	at org.apache.hadoop.util.Shell.<clinit>(Shell.java:363)
	at org.apache.hadoop.util.StringUtils.<clinit>(StringUtils.java:79)
	at org.apache.hadoop.security.Groups.parseStaticMapping(Groups.java:104)
	at org.apache.hadoop.security.Groups.<init>(Groups.java:86)
	at org.apache.hadoop.security.Groups.<init>(Groups.java:66)
	at org.apache.hadoop.security.Groups.getUserToGroupsMappingService(Groups.java:280)
	at org.apache.hadoop.security.UserGroupInformation.initialize(UserGroupInformation.java:271)
	at org.apache.hadoop.security.UserGroupInformation.ensureInitialized(UserGroupInformation.java:248)
	at org.apache.hadoop.security.UserGroupInformation.loginUserFromSubject(UserGroupInformation.java:763)
	at org.apache.hadoop.security.UserGroupInformation.getLoginUser(UserGroupInformation.java:748)
	at org.apache.hadoop.security.UserGroupInformation.getCurrentUser(UserGroupInformation.java:621)
	at org.apache.hadoop.hbase.security.User$SecureHadoopUser.<init>(User.java:285)
	at org.apache.hadoop.hbase.security.User$SecureHadoopUser.<init>(User.java:281)
	at org.apache.hadoop.hbase.security.User.getCurrent(User.java:185)
	at org.apache.hadoop.hbase.security.UserProvider.getCurrent(UserProvider.java:88)
	at org.apache.hadoop.hbase.client.ConnectionFactory.createConnection(ConnectionFactory.java:215)
	at org.apache.hadoop.hbase.client.ConnectionFactory.createConnection(ConnectionFactory.java:119)
	at com.navinfo.dataservice.dao.fcc.HBaseConnector.getConnection(HBaseConnector.java:53)
	at com.navinfo.dataservice.engine.fcc.track.TrackUpload.run(TrackUpload.java:60)
	at com.navinfo.dataservice.engine.fcc.track.TrackUpload.main(TrackUpload.java:174)
	at sun.reflect.NativeMethodAccessorImpl.invoke0(Native Method)
	at sun.reflect.NativeMethodAccessorImpl.invoke(NativeMethodAccessorImpl.java:57)
	at sun.reflect.DelegatingMethodAccessorImpl.invoke(DelegatingMethodAccessorImpl.java:43)
	at java.lang.reflect.Method.invoke(Method.java:606)
	at com.intellij.rt.execution.application.AppMain.main(AppMain.java:144)
[2017-05-15 19:53:00,901] DEBUG     0[main] - DynamicSystemConfig.loadRawConfig(56) - parse file /com/navinfo/dataservice/commons/config/SystemConfig.xml
[2017-05-15 19:53:00,997] DEBUG    96[main] - DynamicSystemConfig.loadRawConfig(56) - parse file /SystemConfig.xml
[2017-05-15 19:53:01,001] ERROR   100[main] - DynamicSystemConfig.loadRawConfig(74) - null Nested exception: null
[2017-05-15 19:53:01,002]  WARN   101[main] - DynamicSystemConfig.loadRawConfig(75) - 加载配置文件/SystemConfig.xml错误，已忽略。。。
[2017-05-15 19:53:01,183]  INFO   282[main] - DriverManagerDataSource.setDriverClassName(133) - Loaded JDBC driver: oracle.jdbc.driver.OracleDriver
[2017-05-15 19:53:01,184] DEBUG   283[main] - DriverManagerDataSource.getConnectionFromDriver(142) - Creating new JDBC DriverManager Connection to [jdbc:oracle:thin:@192.168.4.131:1521/orcl]
[2017-05-15 19:53:02,672]  WARN  1771[main] - DynamicSystemConfig.loadDynamicConfig(110) - 系统未配置app.type类型，已忽略。。。
[2017-05-15 19:53:03,380] ERROR  2479[main] - Shell.getWinUtilsPath(373) - Failed to locate the winutils binary in the hadoop binary path
java.io.IOException: Could not locate executable null\bin\winutils.exe in the Hadoop binaries.
	at org.apache.hadoop.util.Shell.getQualifiedBinPath(Shell.java:355)
	at org.apache.hadoop.util.Shell.getWinUtilsPath(Shell.java:370)
	at org.apache.hadoop.util.Shell.<clinit>(Shell.java:363)
	at org.apache.hadoop.util.StringUtils.<clinit>(StringUtils.java:79)
	at org.apache.hadoop.security.Groups.parseStaticMapping(Groups.java:104)
	at org.apache.hadoop.security.Groups.<init>(Groups.java:86)
	at org.apache.hadoop.security.Groups.<init>(Groups.java:66)
	at org.apache.hadoop.security.Groups.getUserToGroupsMappingService(Groups.java:280)
	at org.apache.hadoop.security.UserGroupInformation.initialize(UserGroupInformation.java:271)
	at org.apache.hadoop.security.UserGroupInformation.ensureInitialized(UserGroupInformation.java:248)
	at org.apache.hadoop.security.UserGroupInformation.loginUserFromSubject(UserGroupInformation.java:763)
	at org.apache.hadoop.security.UserGroupInformation.getLoginUser(UserGroupInformation.java:748)
	at org.apache.hadoop.security.UserGroupInformation.getCurrentUser(UserGroupInformation.java:621)
	at org.apache.hadoop.hbase.security.User$SecureHadoopUser.<init>(User.java:285)
	at org.apache.hadoop.hbase.security.User$SecureHadoopUser.<init>(User.java:281)
	at org.apache.hadoop.hbase.security.User.getCurrent(User.java:185)
	at org.apache.hadoop.hbase.security.UserProvider.getCurrent(UserProvider.java:88)
	at org.apache.hadoop.hbase.client.ConnectionFactory.createConnection(ConnectionFactory.java:215)
	at org.apache.hadoop.hbase.client.ConnectionFactory.createConnection(ConnectionFactory.java:119)
	at com.navinfo.dataservice.dao.fcc.HBaseConnector.getConnection(HBaseConnector.java:53)
	at com.navinfo.dataservice.engine.fcc.track.TrackUpload.run(TrackUpload.java:60)
	at com.navinfo.dataservice.engine.fcc.track.TrackUpload.main(TrackUpload.java:175)
	at sun.reflect.NativeMethodAccessorImpl.invoke0(Native Method)
	at sun.reflect.NativeMethodAccessorImpl.invoke(NativeMethodAccessorImpl.java:57)
	at sun.reflect.DelegatingMethodAccessorImpl.invoke(DelegatingMethodAccessorImpl.java:43)
	at java.lang.reflect.Method.invoke(Method.java:606)
	at com.intellij.rt.execution.application.AppMain.main(AppMain.java:144)
[2017-05-15 20:03:59,348] DEBUG     0[main] - DynamicSystemConfig.loadRawConfig(56) - parse file /com/navinfo/dataservice/commons/config/SystemConfig.xml
[2017-05-15 20:03:59,469] DEBUG   121[main] - DynamicSystemConfig.loadRawConfig(56) - parse file /SystemConfig.xml
[2017-05-15 20:03:59,475] ERROR   127[main] - DynamicSystemConfig.loadRawConfig(74) - null Nested exception: null
[2017-05-15 20:03:59,475]  WARN   127[main] - DynamicSystemConfig.loadRawConfig(75) - 加载配置文件/SystemConfig.xml错误，已忽略。。。
[2017-05-15 20:03:59,901]  INFO   553[main] - DriverManagerDataSource.setDriverClassName(133) - Loaded JDBC driver: oracle.jdbc.driver.OracleDriver
[2017-05-15 20:03:59,901] DEBUG   553[main] - DriverManagerDataSource.getConnectionFromDriver(142) - Creating new JDBC DriverManager Connection to [jdbc:oracle:thin:@192.168.4.131:1521/orcl]
[2017-05-15 20:04:00,823]  WARN  1475[main] - DynamicSystemConfig.loadDynamicConfig(110) - 系统未配置app.type类型，已忽略。。。
[2017-05-15 20:04:01,491] ERROR  2143[main] - Shell.getWinUtilsPath(373) - Failed to locate the winutils binary in the hadoop binary path
java.io.IOException: Could not locate executable null\bin\winutils.exe in the Hadoop binaries.
	at org.apache.hadoop.util.Shell.getQualifiedBinPath(Shell.java:355)
	at org.apache.hadoop.util.Shell.getWinUtilsPath(Shell.java:370)
	at org.apache.hadoop.util.Shell.<clinit>(Shell.java:363)
	at org.apache.hadoop.util.StringUtils.<clinit>(StringUtils.java:79)
	at org.apache.hadoop.security.Groups.parseStaticMapping(Groups.java:104)
	at org.apache.hadoop.security.Groups.<init>(Groups.java:86)
	at org.apache.hadoop.security.Groups.<init>(Groups.java:66)
	at org.apache.hadoop.security.Groups.getUserToGroupsMappingService(Groups.java:280)
	at org.apache.hadoop.security.UserGroupInformation.initialize(UserGroupInformation.java:271)
	at org.apache.hadoop.security.UserGroupInformation.ensureInitialized(UserGroupInformation.java:248)
	at org.apache.hadoop.security.UserGroupInformation.loginUserFromSubject(UserGroupInformation.java:763)
	at org.apache.hadoop.security.UserGroupInformation.getLoginUser(UserGroupInformation.java:748)
	at org.apache.hadoop.security.UserGroupInformation.getCurrentUser(UserGroupInformation.java:621)
	at org.apache.hadoop.hbase.security.User$SecureHadoopUser.<init>(User.java:285)
	at org.apache.hadoop.hbase.security.User$SecureHadoopUser.<init>(User.java:281)
	at org.apache.hadoop.hbase.security.User.getCurrent(User.java:185)
	at org.apache.hadoop.hbase.security.UserProvider.getCurrent(UserProvider.java:88)
	at org.apache.hadoop.hbase.client.ConnectionFactory.createConnection(ConnectionFactory.java:215)
	at org.apache.hadoop.hbase.client.ConnectionFactory.createConnection(ConnectionFactory.java:119)
	at com.navinfo.dataservice.dao.fcc.HBaseConnector.getConnection(HBaseConnector.java:53)
	at com.navinfo.dataservice.engine.fcc.track.TrackUpload.run(TrackUpload.java:60)
	at com.navinfo.dataservice.engine.fcc.track.TrackUpload.main(TrackUpload.java:175)
[2017-05-15 20:06:33,711] DEBUG     0[main] - DynamicSystemConfig.loadRawConfig(56) - parse file /com/navinfo/dataservice/commons/config/SystemConfig.xml
[2017-05-15 20:06:33,820] DEBUG   109[main] - DynamicSystemConfig.loadRawConfig(56) - parse file /SystemConfig.xml
[2017-05-15 20:06:33,825] ERROR   114[main] - DynamicSystemConfig.loadRawConfig(74) - null Nested exception: null
[2017-05-15 20:06:33,825]  WARN   114[main] - DynamicSystemConfig.loadRawConfig(75) - 加载配置文件/SystemConfig.xml错误，已忽略。。。
[2017-05-15 20:06:34,022]  INFO   311[main] - DriverManagerDataSource.setDriverClassName(133) - Loaded JDBC driver: oracle.jdbc.driver.OracleDriver
[2017-05-15 20:06:34,024] DEBUG   313[main] - DriverManagerDataSource.getConnectionFromDriver(142) - Creating new JDBC DriverManager Connection to [jdbc:oracle:thin:@192.168.4.131:1521/orcl]
[2017-05-15 20:06:35,592]  WARN  1881[main] - DynamicSystemConfig.loadDynamicConfig(110) - 系统未配置app.type类型，已忽略。。。
[2017-05-15 20:06:36,221] ERROR  2510[main] - Shell.getWinUtilsPath(373) - Failed to locate the winutils binary in the hadoop binary path
java.io.IOException: Could not locate executable null\bin\winutils.exe in the Hadoop binaries.
	at org.apache.hadoop.util.Shell.getQualifiedBinPath(Shell.java:355)
	at org.apache.hadoop.util.Shell.getWinUtilsPath(Shell.java:370)
	at org.apache.hadoop.util.Shell.<clinit>(Shell.java:363)
	at org.apache.hadoop.util.StringUtils.<clinit>(StringUtils.java:79)
	at org.apache.hadoop.security.Groups.parseStaticMapping(Groups.java:104)
	at org.apache.hadoop.security.Groups.<init>(Groups.java:86)
	at org.apache.hadoop.security.Groups.<init>(Groups.java:66)
	at org.apache.hadoop.security.Groups.getUserToGroupsMappingService(Groups.java:280)
	at org.apache.hadoop.security.UserGroupInformation.initialize(UserGroupInformation.java:271)
	at org.apache.hadoop.security.UserGroupInformation.ensureInitialized(UserGroupInformation.java:248)
	at org.apache.hadoop.security.UserGroupInformation.loginUserFromSubject(UserGroupInformation.java:763)
	at org.apache.hadoop.security.UserGroupInformation.getLoginUser(UserGroupInformation.java:748)
	at org.apache.hadoop.security.UserGroupInformation.getCurrentUser(UserGroupInformation.java:621)
	at org.apache.hadoop.hbase.security.User$SecureHadoopUser.<init>(User.java:285)
	at org.apache.hadoop.hbase.security.User$SecureHadoopUser.<init>(User.java:281)
	at org.apache.hadoop.hbase.security.User.getCurrent(User.java:185)
	at org.apache.hadoop.hbase.security.UserProvider.getCurrent(UserProvider.java:88)
	at org.apache.hadoop.hbase.client.ConnectionFactory.createConnection(ConnectionFactory.java:215)
	at org.apache.hadoop.hbase.client.ConnectionFactory.createConnection(ConnectionFactory.java:119)
	at com.navinfo.dataservice.dao.fcc.HBaseConnector.getConnection(HBaseConnector.java:53)
	at com.navinfo.dataservice.engine.fcc.track.TrackUpload.run(TrackUpload.java:60)
	at com.navinfo.dataservice.engine.fcc.track.TrackUpload.main(TrackUpload.java:175)
	at sun.reflect.NativeMethodAccessorImpl.invoke0(Native Method)
	at sun.reflect.NativeMethodAccessorImpl.invoke(NativeMethodAccessorImpl.java:57)
	at sun.reflect.DelegatingMethodAccessorImpl.invoke(DelegatingMethodAccessorImpl.java:43)
	at java.lang.reflect.Method.invoke(Method.java:606)
	at com.intellij.rt.execution.application.AppMain.main(AppMain.java:144)
[2017-05-15 20:20:57,513] DEBUG     0[main] - DynamicSystemConfig.loadRawConfig(56) - parse file /com/navinfo/dataservice/commons/config/SystemConfig.xml
[2017-05-15 20:20:57,619] DEBUG   106[main] - DynamicSystemConfig.loadRawConfig(56) - parse file /SystemConfig.xml
[2017-05-15 20:20:57,623] ERROR   110[main] - DynamicSystemConfig.loadRawConfig(74) - null Nested exception: null
[2017-05-15 20:20:57,624]  WARN   111[main] - DynamicSystemConfig.loadRawConfig(75) - 加载配置文件/SystemConfig.xml错误，已忽略。。。
[2017-05-15 20:20:57,769]  INFO   256[main] - DriverManagerDataSource.setDriverClassName(133) - Loaded JDBC driver: oracle.jdbc.driver.OracleDriver
[2017-05-15 20:20:57,769] DEBUG   256[main] - DriverManagerDataSource.getConnectionFromDriver(142) - Creating new JDBC DriverManager Connection to [jdbc:oracle:thin:@192.168.4.131:1521/orcl]
[2017-05-15 20:20:59,317]  WARN  1804[main] - DynamicSystemConfig.loadDynamicConfig(110) - 系统未配置app.type类型，已忽略。。。
[2017-05-15 20:20:59,936] ERROR  2423[main] - Shell.getWinUtilsPath(373) - Failed to locate the winutils binary in the hadoop binary path
java.io.IOException: Could not locate executable null\bin\winutils.exe in the Hadoop binaries.
	at org.apache.hadoop.util.Shell.getQualifiedBinPath(Shell.java:355)
	at org.apache.hadoop.util.Shell.getWinUtilsPath(Shell.java:370)
	at org.apache.hadoop.util.Shell.<clinit>(Shell.java:363)
	at org.apache.hadoop.util.StringUtils.<clinit>(StringUtils.java:79)
	at org.apache.hadoop.security.Groups.parseStaticMapping(Groups.java:104)
	at org.apache.hadoop.security.Groups.<init>(Groups.java:86)
	at org.apache.hadoop.security.Groups.<init>(Groups.java:66)
	at org.apache.hadoop.security.Groups.getUserToGroupsMappingService(Groups.java:280)
	at org.apache.hadoop.security.UserGroupInformation.initialize(UserGroupInformation.java:271)
	at org.apache.hadoop.security.UserGroupInformation.ensureInitialized(UserGroupInformation.java:248)
	at org.apache.hadoop.security.UserGroupInformation.loginUserFromSubject(UserGroupInformation.java:763)
	at org.apache.hadoop.security.UserGroupInformation.getLoginUser(UserGroupInformation.java:748)
	at org.apache.hadoop.security.UserGroupInformation.getCurrentUser(UserGroupInformation.java:621)
	at org.apache.hadoop.hbase.security.User$SecureHadoopUser.<init>(User.java:285)
	at org.apache.hadoop.hbase.security.User$SecureHadoopUser.<init>(User.java:281)
	at org.apache.hadoop.hbase.security.User.getCurrent(User.java:185)
	at org.apache.hadoop.hbase.security.UserProvider.getCurrent(UserProvider.java:88)
	at org.apache.hadoop.hbase.client.ConnectionFactory.createConnection(ConnectionFactory.java:215)
	at org.apache.hadoop.hbase.client.ConnectionFactory.createConnection(ConnectionFactory.java:119)
	at com.navinfo.dataservice.dao.fcc.HBaseConnector.getConnection(HBaseConnector.java:53)
	at com.navinfo.dataservice.engine.fcc.track.TrackUpload.run(TrackUpload.java:60)
	at com.navinfo.dataservice.engine.fcc.track.TrackUpload.main(TrackUpload.java:175)
	at sun.reflect.NativeMethodAccessorImpl.invoke0(Native Method)
	at sun.reflect.NativeMethodAccessorImpl.invoke(NativeMethodAccessorImpl.java:57)
	at sun.reflect.DelegatingMethodAccessorImpl.invoke(DelegatingMethodAccessorImpl.java:43)
	at java.lang.reflect.Method.invoke(Method.java:606)
	at com.intellij.rt.execution.application.AppMain.main(AppMain.java:144)
[2017-05-15 20:22:57,733] DEBUG     0[main] - DynamicSystemConfig.loadRawConfig(56) - parse file /com/navinfo/dataservice/commons/config/SystemConfig.xml
[2017-05-15 20:22:57,840] DEBUG   107[main] - DynamicSystemConfig.loadRawConfig(56) - parse file /SystemConfig.xml
[2017-05-15 20:22:57,845] ERROR   112[main] - DynamicSystemConfig.loadRawConfig(74) - null Nested exception: null
[2017-05-15 20:22:57,846]  WARN   113[main] - DynamicSystemConfig.loadRawConfig(75) - 加载配置文件/SystemConfig.xml错误，已忽略。。。
[2017-05-15 20:22:58,064]  INFO   331[main] - DriverManagerDataSource.setDriverClassName(133) - Loaded JDBC driver: oracle.jdbc.driver.OracleDriver
[2017-05-15 20:22:58,065] DEBUG   332[main] - DriverManagerDataSource.getConnectionFromDriver(142) - Creating new JDBC DriverManager Connection to [jdbc:oracle:thin:@192.168.4.131:1521/orcl]
[2017-05-15 20:22:59,802]  WARN  2069[main] - DynamicSystemConfig.loadDynamicConfig(110) - 系统未配置app.type类型，已忽略。。。
[2017-05-15 20:23:00,411] ERROR  2678[main] - Shell.getWinUtilsPath(373) - Failed to locate the winutils binary in the hadoop binary path
java.io.IOException: Could not locate executable null\bin\winutils.exe in the Hadoop binaries.
	at org.apache.hadoop.util.Shell.getQualifiedBinPath(Shell.java:355)
	at org.apache.hadoop.util.Shell.getWinUtilsPath(Shell.java:370)
	at org.apache.hadoop.util.Shell.<clinit>(Shell.java:363)
	at org.apache.hadoop.util.StringUtils.<clinit>(StringUtils.java:79)
	at org.apache.hadoop.security.Groups.parseStaticMapping(Groups.java:104)
	at org.apache.hadoop.security.Groups.<init>(Groups.java:86)
	at org.apache.hadoop.security.Groups.<init>(Groups.java:66)
	at org.apache.hadoop.security.Groups.getUserToGroupsMappingService(Groups.java:280)
	at org.apache.hadoop.security.UserGroupInformation.initialize(UserGroupInformation.java:271)
	at org.apache.hadoop.security.UserGroupInformation.ensureInitialized(UserGroupInformation.java:248)
	at org.apache.hadoop.security.UserGroupInformation.loginUserFromSubject(UserGroupInformation.java:763)
	at org.apache.hadoop.security.UserGroupInformation.getLoginUser(UserGroupInformation.java:748)
	at org.apache.hadoop.security.UserGroupInformation.getCurrentUser(UserGroupInformation.java:621)
	at org.apache.hadoop.hbase.security.User$SecureHadoopUser.<init>(User.java:285)
	at org.apache.hadoop.hbase.security.User$SecureHadoopUser.<init>(User.java:281)
	at org.apache.hadoop.hbase.security.User.getCurrent(User.java:185)
	at org.apache.hadoop.hbase.security.UserProvider.getCurrent(UserProvider.java:88)
	at org.apache.hadoop.hbase.client.ConnectionFactory.createConnection(ConnectionFactory.java:215)
	at org.apache.hadoop.hbase.client.ConnectionFactory.createConnection(ConnectionFactory.java:119)
	at com.navinfo.dataservice.dao.fcc.HBaseConnector.getConnection(HBaseConnector.java:53)
	at com.navinfo.dataservice.engine.fcc.track.TrackUpload.run(TrackUpload.java:60)
	at com.navinfo.dataservice.engine.fcc.track.TrackUpload.main(TrackUpload.java:175)
	at sun.reflect.NativeMethodAccessorImpl.invoke0(Native Method)
	at sun.reflect.NativeMethodAccessorImpl.invoke(NativeMethodAccessorImpl.java:57)
	at sun.reflect.DelegatingMethodAccessorImpl.invoke(DelegatingMethodAccessorImpl.java:43)
	at java.lang.reflect.Method.invoke(Method.java:606)
	at com.intellij.rt.execution.application.AppMain.main(AppMain.java:144)
[2017-05-15 20:24:22,595] DEBUG     0[main] - DynamicSystemConfig.loadRawConfig(56) - parse file /com/navinfo/dataservice/commons/config/SystemConfig.xml
[2017-05-15 20:24:22,787] DEBUG   192[main] - DynamicSystemConfig.loadRawConfig(56) - parse file /SystemConfig.xml
[2017-05-15 20:24:22,810] ERROR   215[main] - DynamicSystemConfig.loadRawConfig(74) - null Nested exception: null
[2017-05-15 20:24:22,811]  WARN   216[main] - DynamicSystemConfig.loadRawConfig(75) - 加载配置文件/SystemConfig.xml错误，已忽略。。。
[2017-05-15 20:24:22,995]  INFO   400[main] - DriverManagerDataSource.setDriverClassName(133) - Loaded JDBC driver: oracle.jdbc.driver.OracleDriver
[2017-05-15 20:24:22,996] DEBUG   401[main] - DriverManagerDataSource.getConnectionFromDriver(142) - Creating new JDBC DriverManager Connection to [jdbc:oracle:thin:@192.168.4.131:1521/orcl]
[2017-05-15 20:24:24,773]  WARN  2178[main] - DynamicSystemConfig.loadDynamicConfig(110) - 系统未配置app.type类型，已忽略。。。
[2017-05-15 20:24:25,349] ERROR  2754[main] - Shell.getWinUtilsPath(373) - Failed to locate the winutils binary in the hadoop binary path
java.io.IOException: Could not locate executable null\bin\winutils.exe in the Hadoop binaries.
	at org.apache.hadoop.util.Shell.getQualifiedBinPath(Shell.java:355)
	at org.apache.hadoop.util.Shell.getWinUtilsPath(Shell.java:370)
	at org.apache.hadoop.util.Shell.<clinit>(Shell.java:363)
	at org.apache.hadoop.util.StringUtils.<clinit>(StringUtils.java:79)
	at org.apache.hadoop.security.Groups.parseStaticMapping(Groups.java:104)
	at org.apache.hadoop.security.Groups.<init>(Groups.java:86)
	at org.apache.hadoop.security.Groups.<init>(Groups.java:66)
	at org.apache.hadoop.security.Groups.getUserToGroupsMappingService(Groups.java:280)
	at org.apache.hadoop.security.UserGroupInformation.initialize(UserGroupInformation.java:271)
	at org.apache.hadoop.security.UserGroupInformation.ensureInitialized(UserGroupInformation.java:248)
	at org.apache.hadoop.security.UserGroupInformation.loginUserFromSubject(UserGroupInformation.java:763)
	at org.apache.hadoop.security.UserGroupInformation.getLoginUser(UserGroupInformation.java:748)
	at org.apache.hadoop.security.UserGroupInformation.getCurrentUser(UserGroupInformation.java:621)
	at org.apache.hadoop.hbase.security.User$SecureHadoopUser.<init>(User.java:285)
	at org.apache.hadoop.hbase.security.User$SecureHadoopUser.<init>(User.java:281)
	at org.apache.hadoop.hbase.security.User.getCurrent(User.java:185)
	at org.apache.hadoop.hbase.security.UserProvider.getCurrent(UserProvider.java:88)
	at org.apache.hadoop.hbase.client.ConnectionFactory.createConnection(ConnectionFactory.java:215)
	at org.apache.hadoop.hbase.client.ConnectionFactory.createConnection(ConnectionFactory.java:119)
	at com.navinfo.dataservice.dao.fcc.HBaseConnector.getConnection(HBaseConnector.java:53)
	at com.navinfo.dataservice.engine.fcc.track.TrackUpload.run(TrackUpload.java:60)
	at com.navinfo.dataservice.engine.fcc.track.TrackUpload.main(TrackUpload.java:175)
	at sun.reflect.NativeMethodAccessorImpl.invoke0(Native Method)
	at sun.reflect.NativeMethodAccessorImpl.invoke(NativeMethodAccessorImpl.java:57)
	at sun.reflect.DelegatingMethodAccessorImpl.invoke(DelegatingMethodAccessorImpl.java:43)
	at java.lang.reflect.Method.invoke(Method.java:606)
	at com.intellij.rt.execution.application.AppMain.main(AppMain.java:144)
