[2016-04-09 10:01:54,162] DEBUG     0[run_job main thread] - DynamicSystemConfig.loadRawConfig(53) - parse file /com/navinfo/dataservice/commons/config/SystemConfig.xml
[2016-04-09 10:01:54,259] DEBUG    97[run_job main thread] - DynamicSystemConfig.loadRawConfig(53) - parse file /SystemConfig.xml
[2016-04-09 10:01:54,263] ERROR   101[run_job main thread] - DynamicSystemConfig.loadRawConfig(71) - null Nested exception: null
[2016-04-09 10:01:54,263]  WARN   101[run_job main thread] - DynamicSystemConfig.loadRawConfig(72) - 加载配置文件/SystemConfig.xml错误，已忽略。。。
[2016-04-09 10:01:54,266] ERROR   104[run_job main thread] - MsgSubscriber.subscribeFromWorkQueue(121) - 该键值未配置系统参数，无法获取uri，无法初始化ConnectionFacgtory。
com.navinfo.dataservice.dao.mq.MQConnectionException: 该键值未配置系统参数，无法获取uri，无法初始化ConnectionFacgtory。
	at com.navinfo.dataservice.dao.mq.MQConnector.getConnectionFactory(MQConnector.java:50)
	at com.navinfo.dataservice.dao.mq.MQConnector.getConnectionFactory(MQConnector.java:37)
	at com.navinfo.dataservice.dao.mq.MQConnector.getConnection(MQConnector.java:71)
	at com.navinfo.dataservice.dao.mq.MsgSubscriber.subscribeFromWorkQueue(MsgSubscriber.java:96)
	at com.navinfo.dataservice.dao.mq.job.JobMsgSubscriber$1.run(JobMsgSubscriber.java:31)
[2016-04-09 10:01:54,268] ERROR   106[run_job main thread] - JobMsgSubscriber$1.run(33) - 该键值未配置系统参数，无法获取uri，无法初始化ConnectionFacgtory。
com.navinfo.dataservice.dao.mq.MQConnectionException: 该键值未配置系统参数，无法获取uri，无法初始化ConnectionFacgtory。
	at com.navinfo.dataservice.dao.mq.MQConnector.getConnectionFactory(MQConnector.java:50)
	at com.navinfo.dataservice.dao.mq.MQConnector.getConnectionFactory(MQConnector.java:37)
	at com.navinfo.dataservice.dao.mq.MQConnector.getConnection(MQConnector.java:71)
	at com.navinfo.dataservice.dao.mq.MsgSubscriber.subscribeFromWorkQueue(MsgSubscriber.java:96)
	at com.navinfo.dataservice.dao.mq.job.JobMsgSubscriber$1.run(JobMsgSubscriber.java:31)
[2016-04-09 10:02:48,694] DEBUG     0[run_job main thread] - DynamicSystemConfig.loadRawConfig(53) - parse file /com/navinfo/dataservice/commons/config/SystemConfig.xml
[2016-04-09 10:02:48,798] DEBUG   104[run_job main thread] - DynamicSystemConfig.loadRawConfig(53) - parse file /SystemConfig.xml
[2016-04-09 10:02:48,803] ERROR   109[run_job main thread] - DynamicSystemConfig.loadRawConfig(71) - null Nested exception: null
[2016-04-09 10:02:48,804]  WARN   110[run_job main thread] - DynamicSystemConfig.loadRawConfig(72) - 加载配置文件/SystemConfig.xml错误，已忽略。。。
[2016-04-09 10:02:48,821] ERROR   127[run_job main thread] - DynamicSystemConfig.loadDynamicConfig(102) - java.lang.NullPointerException
com.navinfo.dataservice.commons.exception.DataSourceException: java.lang.NullPointerException
	at com.navinfo.dataservice.commons.database.MultiDataSourceFactory.getDataSource(MultiDataSourceFactory.java:124)
	at com.navinfo.dataservice.commons.database.MultiDataSourceFactory.getDataSource(MultiDataSourceFactory.java:85)
	at com.navinfo.dataservice.commons.database.MultiDataSourceFactory.getManDataSource(MultiDataSourceFactory.java:70)
	at com.navinfo.dataservice.commons.config.DynamicSystemConfig.loadDynamicConfig(DynamicSystemConfig.java:87)
	at com.navinfo.dataservice.commons.config.DynamicSystemConfig.<init>(DynamicSystemConfig.java:48)
	at com.navinfo.dataservice.commons.config.DynamicSystemConfig.<init>(DynamicSystemConfig.java:45)
	at com.navinfo.dataservice.commons.config.DynamicSystemConfig$SingletonHolder.<clinit>(DynamicSystemConfig.java:37)
	at com.navinfo.dataservice.commons.config.DynamicSystemConfig.getInstance(DynamicSystemConfig.java:40)
	at com.navinfo.dataservice.commons.config.SystemConfigFactory.getSystemConfig(SystemConfigFactory.java:11)
	at com.navinfo.dataservice.dao.mq.MQConnector.getConnectionFactory(MQConnector.java:48)
	at com.navinfo.dataservice.dao.mq.MQConnector.getConnectionFactory(MQConnector.java:37)
	at com.navinfo.dataservice.dao.mq.MQConnector.getConnection(MQConnector.java:71)
	at com.navinfo.dataservice.dao.mq.MsgSubscriber.subscribeFromWorkQueue(MsgSubscriber.java:96)
	at com.navinfo.dataservice.dao.mq.job.JobMsgSubscriber$1.run(JobMsgSubscriber.java:31)
Caused by: java.lang.NullPointerException
	at com.navinfo.dataservice.commons.database.MultiDataSourceFactory.getDataSource(MultiDataSourceFactory.java:108)
	... 13 more
[2016-04-09 10:02:48,823]  WARN   129[run_job main thread] - DynamicSystemConfig.loadDynamicConfig(103) - 加载动态配置信息表SYS_CONFIG错误，已忽略。。。
[2016-04-09 10:02:48,823] ERROR   129[run_job main thread] - MsgSubscriber.subscribeFromWorkQueue(121) - 该键值未配置系统参数，无法获取uri，无法初始化ConnectionFacgtory。
com.navinfo.dataservice.dao.mq.MQConnectionException: 该键值未配置系统参数，无法获取uri，无法初始化ConnectionFacgtory。
	at com.navinfo.dataservice.dao.mq.MQConnector.getConnectionFactory(MQConnector.java:50)
	at com.navinfo.dataservice.dao.mq.MQConnector.getConnectionFactory(MQConnector.java:37)
	at com.navinfo.dataservice.dao.mq.MQConnector.getConnection(MQConnector.java:71)
	at com.navinfo.dataservice.dao.mq.MsgSubscriber.subscribeFromWorkQueue(MsgSubscriber.java:96)
	at com.navinfo.dataservice.dao.mq.job.JobMsgSubscriber$1.run(JobMsgSubscriber.java:31)
[2016-04-09 10:02:48,825] ERROR   131[run_job main thread] - JobMsgSubscriber$1.run(33) - 该键值未配置系统参数，无法获取uri，无法初始化ConnectionFacgtory。
com.navinfo.dataservice.dao.mq.MQConnectionException: 该键值未配置系统参数，无法获取uri，无法初始化ConnectionFacgtory。
	at com.navinfo.dataservice.dao.mq.MQConnector.getConnectionFactory(MQConnector.java:50)
	at com.navinfo.dataservice.dao.mq.MQConnector.getConnectionFactory(MQConnector.java:37)
	at com.navinfo.dataservice.dao.mq.MQConnector.getConnection(MQConnector.java:71)
	at com.navinfo.dataservice.dao.mq.MsgSubscriber.subscribeFromWorkQueue(MsgSubscriber.java:96)
	at com.navinfo.dataservice.dao.mq.job.JobMsgSubscriber$1.run(JobMsgSubscriber.java:31)
[2016-04-09 10:03:41,475] DEBUG     1[run_job main thread] - DynamicSystemConfig.loadRawConfig(53) - parse file /com/navinfo/dataservice/commons/config/SystemConfig.xml
[2016-04-09 10:03:41,573] DEBUG    99[run_job main thread] - DynamicSystemConfig.loadRawConfig(53) - parse file /SystemConfig.xml
[2016-04-09 10:03:41,576] ERROR   102[run_job main thread] - DynamicSystemConfig.loadRawConfig(71) - null Nested exception: null
[2016-04-09 10:03:41,577]  WARN   103[run_job main thread] - DynamicSystemConfig.loadRawConfig(72) - 加载配置文件/SystemConfig.xml错误，已忽略。。。
[2016-04-09 10:03:41,594] ERROR   120[run_job main thread] - DynamicSystemConfig.loadDynamicConfig(102) - java.lang.NullPointerException
com.navinfo.dataservice.commons.exception.DataSourceException: java.lang.NullPointerException
	at com.navinfo.dataservice.commons.database.MultiDataSourceFactory.getDataSource(MultiDataSourceFactory.java:124)
	at com.navinfo.dataservice.commons.database.MultiDataSourceFactory.getDataSource(MultiDataSourceFactory.java:85)
	at com.navinfo.dataservice.commons.database.MultiDataSourceFactory.getManDataSource(MultiDataSourceFactory.java:70)
	at com.navinfo.dataservice.commons.config.DynamicSystemConfig.loadDynamicConfig(DynamicSystemConfig.java:87)
	at com.navinfo.dataservice.commons.config.DynamicSystemConfig.<init>(DynamicSystemConfig.java:48)
	at com.navinfo.dataservice.commons.config.DynamicSystemConfig.<init>(DynamicSystemConfig.java:34)
	at com.navinfo.dataservice.commons.config.DynamicSystemConfig$SingletonHolder.<clinit>(DynamicSystemConfig.java:37)
	at com.navinfo.dataservice.commons.config.DynamicSystemConfig.getInstance(DynamicSystemConfig.java:40)
	at com.navinfo.dataservice.commons.config.SystemConfigFactory.getSystemConfig(SystemConfigFactory.java:11)
	at com.navinfo.dataservice.dao.mq.MQConnector.getConnectionFactory(MQConnector.java:48)
	at com.navinfo.dataservice.dao.mq.MQConnector.getConnectionFactory(MQConnector.java:37)
	at com.navinfo.dataservice.dao.mq.MQConnector.getConnection(MQConnector.java:71)
	at com.navinfo.dataservice.dao.mq.MsgSubscriber.subscribeFromWorkQueue(MsgSubscriber.java:96)
	at com.navinfo.dataservice.dao.mq.job.JobMsgSubscriber$1.run(JobMsgSubscriber.java:31)
Caused by: java.lang.NullPointerException
	at com.navinfo.dataservice.commons.database.MultiDataSourceFactory.getDataSource(MultiDataSourceFactory.java:108)
	... 13 more
[2016-04-09 10:03:41,595]  WARN   121[run_job main thread] - DynamicSystemConfig.loadDynamicConfig(103) - 加载动态配置信息表SYS_CONFIG错误，已忽略。。。
[2016-04-09 10:03:41,596] ERROR   122[run_job main thread] - MsgSubscriber.subscribeFromWorkQueue(121) - 该键值未配置系统参数，无法获取uri，无法初始化ConnectionFacgtory。
com.navinfo.dataservice.dao.mq.MQConnectionException: 该键值未配置系统参数，无法获取uri，无法初始化ConnectionFacgtory。
	at com.navinfo.dataservice.dao.mq.MQConnector.getConnectionFactory(MQConnector.java:50)
	at com.navinfo.dataservice.dao.mq.MQConnector.getConnectionFactory(MQConnector.java:37)
	at com.navinfo.dataservice.dao.mq.MQConnector.getConnection(MQConnector.java:71)
	at com.navinfo.dataservice.dao.mq.MsgSubscriber.subscribeFromWorkQueue(MsgSubscriber.java:96)
	at com.navinfo.dataservice.dao.mq.job.JobMsgSubscriber$1.run(JobMsgSubscriber.java:31)
[2016-04-09 10:03:41,597] ERROR   123[run_job main thread] - JobMsgSubscriber$1.run(33) - 该键值未配置系统参数，无法获取uri，无法初始化ConnectionFacgtory。
com.navinfo.dataservice.dao.mq.MQConnectionException: 该键值未配置系统参数，无法获取uri，无法初始化ConnectionFacgtory。
	at com.navinfo.dataservice.dao.mq.MQConnector.getConnectionFactory(MQConnector.java:50)
	at com.navinfo.dataservice.dao.mq.MQConnector.getConnectionFactory(MQConnector.java:37)
	at com.navinfo.dataservice.dao.mq.MQConnector.getConnection(MQConnector.java:71)
	at com.navinfo.dataservice.dao.mq.MsgSubscriber.subscribeFromWorkQueue(MsgSubscriber.java:96)
	at com.navinfo.dataservice.dao.mq.job.JobMsgSubscriber$1.run(JobMsgSubscriber.java:31)
[2016-04-09 10:04:56,686] DEBUG     0[run_job main thread] - DynamicSystemConfig.loadRawConfig(53) - parse file /com/navinfo/dataservice/commons/config/SystemConfig.xml
[2016-04-09 10:04:58,145] DEBUG  1459[run_job main thread] - DynamicSystemConfig.loadRawConfig(53) - parse file /SystemConfig.xml
[2016-04-09 10:04:58,157] ERROR  1471[run_job main thread] - DynamicSystemConfig.loadRawConfig(71) - null Nested exception: null
[2016-04-09 10:04:58,158]  WARN  1472[run_job main thread] - DynamicSystemConfig.loadRawConfig(72) - 加载配置文件/SystemConfig.xml错误，已忽略。。。
[2016-04-09 10:05:16,523] ERROR 19837[run_job main thread] - DynamicSystemConfig.loadDynamicConfig(102) - java.lang.NullPointerException
com.navinfo.dataservice.commons.exception.DataSourceException: java.lang.NullPointerException
	at com.navinfo.dataservice.commons.database.MultiDataSourceFactory.getDataSource(MultiDataSourceFactory.java:124)
	at com.navinfo.dataservice.commons.database.MultiDataSourceFactory.getDataSource(MultiDataSourceFactory.java:85)
	at com.navinfo.dataservice.commons.database.MultiDataSourceFactory.getManDataSource(MultiDataSourceFactory.java:70)
	at com.navinfo.dataservice.commons.config.DynamicSystemConfig.loadDynamicConfig(DynamicSystemConfig.java:87)
	at com.navinfo.dataservice.commons.config.DynamicSystemConfig.<init>(DynamicSystemConfig.java:48)
	at com.navinfo.dataservice.commons.config.DynamicSystemConfig.<init>(DynamicSystemConfig.java:34)
	at com.navinfo.dataservice.commons.config.DynamicSystemConfig$SingletonHolder.<clinit>(DynamicSystemConfig.java:37)
	at com.navinfo.dataservice.commons.config.DynamicSystemConfig.getInstance(DynamicSystemConfig.java:40)
	at com.navinfo.dataservice.commons.config.SystemConfigFactory.getSystemConfig(SystemConfigFactory.java:11)
	at com.navinfo.dataservice.dao.mq.MQConnector.getConnectionFactory(MQConnector.java:48)
	at com.navinfo.dataservice.dao.mq.MQConnector.getConnectionFactory(MQConnector.java:37)
	at com.navinfo.dataservice.dao.mq.MQConnector.getConnection(MQConnector.java:71)
	at com.navinfo.dataservice.dao.mq.MsgSubscriber.subscribeFromWorkQueue(MsgSubscriber.java:96)
	at com.navinfo.dataservice.dao.mq.job.JobMsgSubscriber$1.run(JobMsgSubscriber.java:31)
Caused by: java.lang.NullPointerException
	at com.navinfo.dataservice.commons.database.MultiDataSourceFactory.getDataSource(MultiDataSourceFactory.java:108)
	... 13 more
[2016-04-09 10:14:32,006] DEBUG     0[run_job main thread] - DynamicSystemConfig.loadRawConfig(55) - parse file /com/navinfo/dataservice/commons/config/SystemConfig.xml
[2016-04-09 10:14:32,112] DEBUG   106[run_job main thread] - DynamicSystemConfig.loadRawConfig(55) - parse file /SystemConfig.xml
[2016-04-09 10:14:32,116] ERROR   110[run_job main thread] - DynamicSystemConfig.loadRawConfig(73) - null Nested exception: null
[2016-04-09 10:14:32,116]  WARN   110[run_job main thread] - DynamicSystemConfig.loadRawConfig(74) - 加载配置文件/SystemConfig.xml错误，已忽略。。。
[2016-04-09 10:14:32,300]  INFO   294[run_job main thread] - DriverManagerDataSource.setDriverClassName(133) - Loaded JDBC driver: oracle.jdbc.driver.OracleDriver
[2016-04-09 10:14:32,300] DEBUG   294[run_job main thread] - DriverManagerDataSource.getConnectionFromDriver(142) - Creating new JDBC DriverManager Connection to [jdbc:oracle:thin:@192.168.4.131:1521/orcl]
[2016-04-09 10:14:32,837] ERROR   831[run_job main thread] - DynamicSystemConfig.loadDynamicConfig(113) - 无效的列索引 Query: SELECT CONF_KEY,CONF_VALUE FROM SYS_CONFIG WHERE APP_TYPE=? Parameters: [default]
java.sql.SQLException: 无效的列索引 Query: SELECT CONF_KEY,CONF_VALUE FROM SYS_CONFIG WHERE APP_TYPE=? Parameters: [default]
	at org.apache.commons.dbutils.QueryRunner.rethrow(QueryRunner.java:542)
	at org.apache.commons.dbutils.QueryRunner.query(QueryRunner.java:399)
	at com.navinfo.navicommons.database.QueryRunner.query(QueryRunner.java:202)
	at com.navinfo.dataservice.commons.config.DynamicSystemConfig.loadDynamicConfig(DynamicSystemConfig.java:101)
	at com.navinfo.dataservice.commons.config.DynamicSystemConfig.<init>(DynamicSystemConfig.java:50)
	at com.navinfo.dataservice.commons.config.DynamicSystemConfig.<init>(DynamicSystemConfig.java:47)
	at com.navinfo.dataservice.commons.config.DynamicSystemConfig$SingletonHolder.<clinit>(DynamicSystemConfig.java:39)
	at com.navinfo.dataservice.commons.config.DynamicSystemConfig.getInstance(DynamicSystemConfig.java:42)
	at com.navinfo.dataservice.commons.config.SystemConfigFactory.getSystemConfig(SystemConfigFactory.java:11)
	at com.navinfo.dataservice.dao.mq.MQConnector.getConnectionFactory(MQConnector.java:48)
	at com.navinfo.dataservice.dao.mq.MQConnector.getConnectionFactory(MQConnector.java:37)
	at com.navinfo.dataservice.dao.mq.MQConnector.getConnection(MQConnector.java:71)
	at com.navinfo.dataservice.dao.mq.MsgSubscriber.subscribeFromWorkQueue(MsgSubscriber.java:96)
	at com.navinfo.dataservice.dao.mq.job.JobMsgSubscriber$1.run(JobMsgSubscriber.java:31)
[2016-04-09 10:14:32,839]  WARN   833[run_job main thread] - DynamicSystemConfig.loadDynamicConfig(114) - 加载动态配置信息表SYS_CONFIG错误，已忽略。。。
[2016-04-09 10:14:32,839] ERROR   833[run_job main thread] - MsgSubscriber.subscribeFromWorkQueue(121) - 该键值未配置系统参数，无法获取uri，无法初始化ConnectionFacgtory。
com.navinfo.dataservice.dao.mq.MQConnectionException: 该键值未配置系统参数，无法获取uri，无法初始化ConnectionFacgtory。
	at com.navinfo.dataservice.dao.mq.MQConnector.getConnectionFactory(MQConnector.java:50)
	at com.navinfo.dataservice.dao.mq.MQConnector.getConnectionFactory(MQConnector.java:37)
	at com.navinfo.dataservice.dao.mq.MQConnector.getConnection(MQConnector.java:71)
	at com.navinfo.dataservice.dao.mq.MsgSubscriber.subscribeFromWorkQueue(MsgSubscriber.java:96)
	at com.navinfo.dataservice.dao.mq.job.JobMsgSubscriber$1.run(JobMsgSubscriber.java:31)
[2016-04-09 10:14:32,840] ERROR   834[run_job main thread] - JobMsgSubscriber$1.run(33) - 该键值未配置系统参数，无法获取uri，无法初始化ConnectionFacgtory。
com.navinfo.dataservice.dao.mq.MQConnectionException: 该键值未配置系统参数，无法获取uri，无法初始化ConnectionFacgtory。
	at com.navinfo.dataservice.dao.mq.MQConnector.getConnectionFactory(MQConnector.java:50)
	at com.navinfo.dataservice.dao.mq.MQConnector.getConnectionFactory(MQConnector.java:37)
	at com.navinfo.dataservice.dao.mq.MQConnector.getConnection(MQConnector.java:71)
	at com.navinfo.dataservice.dao.mq.MsgSubscriber.subscribeFromWorkQueue(MsgSubscriber.java:96)
	at com.navinfo.dataservice.dao.mq.job.JobMsgSubscriber$1.run(JobMsgSubscriber.java:31)
[2016-04-09 10:15:02,689] DEBUG     0[run_job main thread] - DynamicSystemConfig.loadRawConfig(55) - parse file /com/navinfo/dataservice/commons/config/SystemConfig.xml
[2016-04-09 10:15:02,800] DEBUG   111[run_job main thread] - DynamicSystemConfig.loadRawConfig(55) - parse file /SystemConfig.xml
[2016-04-09 10:15:02,804] ERROR   115[run_job main thread] - DynamicSystemConfig.loadRawConfig(73) - null Nested exception: null
[2016-04-09 10:15:02,804]  WARN   115[run_job main thread] - DynamicSystemConfig.loadRawConfig(74) - 加载配置文件/SystemConfig.xml错误，已忽略。。。
[2016-04-09 10:15:02,931]  INFO   242[run_job main thread] - DriverManagerDataSource.setDriverClassName(133) - Loaded JDBC driver: oracle.jdbc.driver.OracleDriver
[2016-04-09 10:15:02,932] DEBUG   243[run_job main thread] - DriverManagerDataSource.getConnectionFromDriver(142) - Creating new JDBC DriverManager Connection to [jdbc:oracle:thin:@192.168.4.131:1521/orcl]
[2016-04-09 10:15:03,455] ERROR   766[run_job main thread] - DynamicSystemConfig.loadDynamicConfig(113) - 无效的列索引 Query: SELECT CONF_KEY,CONF_VALUE FROM SYS_CONFIG WHERE APP_TYPE=? Parameters: [default]
java.sql.SQLException: 无效的列索引 Query: SELECT CONF_KEY,CONF_VALUE FROM SYS_CONFIG WHERE APP_TYPE=? Parameters: [default]
	at org.apache.commons.dbutils.QueryRunner.rethrow(QueryRunner.java:542)
	at org.apache.commons.dbutils.QueryRunner.query(QueryRunner.java:399)
	at com.navinfo.navicommons.database.QueryRunner.query(QueryRunner.java:202)
	at com.navinfo.dataservice.commons.config.DynamicSystemConfig.loadDynamicConfig(DynamicSystemConfig.java:101)
	at com.navinfo.dataservice.commons.config.DynamicSystemConfig.<init>(DynamicSystemConfig.java:50)
	at com.navinfo.dataservice.commons.config.DynamicSystemConfig.<init>(DynamicSystemConfig.java:36)
	at com.navinfo.dataservice.commons.config.DynamicSystemConfig$SingletonHolder.<clinit>(DynamicSystemConfig.java:39)
	at com.navinfo.dataservice.commons.config.DynamicSystemConfig.getInstance(DynamicSystemConfig.java:42)
	at com.navinfo.dataservice.commons.config.SystemConfigFactory.getSystemConfig(SystemConfigFactory.java:11)
	at com.navinfo.dataservice.dao.mq.MQConnector.getConnectionFactory(MQConnector.java:48)
	at com.navinfo.dataservice.dao.mq.MQConnector.getConnectionFactory(MQConnector.java:37)
	at com.navinfo.dataservice.dao.mq.MQConnector.getConnection(MQConnector.java:71)
	at com.navinfo.dataservice.dao.mq.MsgSubscriber.subscribeFromWorkQueue(MsgSubscriber.java:96)
	at com.navinfo.dataservice.dao.mq.job.JobMsgSubscriber$1.run(JobMsgSubscriber.java:31)
[2016-04-09 10:15:03,457]  WARN   768[run_job main thread] - DynamicSystemConfig.loadDynamicConfig(114) - 加载动态配置信息表SYS_CONFIG错误，已忽略。。。
[2016-04-09 10:15:03,457] ERROR   768[run_job main thread] - MsgSubscriber.subscribeFromWorkQueue(121) - 该键值未配置系统参数，无法获取uri，无法初始化ConnectionFacgtory。
com.navinfo.dataservice.dao.mq.MQConnectionException: 该键值未配置系统参数，无法获取uri，无法初始化ConnectionFacgtory。
	at com.navinfo.dataservice.dao.mq.MQConnector.getConnectionFactory(MQConnector.java:50)
	at com.navinfo.dataservice.dao.mq.MQConnector.getConnectionFactory(MQConnector.java:37)
	at com.navinfo.dataservice.dao.mq.MQConnector.getConnection(MQConnector.java:71)
	at com.navinfo.dataservice.dao.mq.MsgSubscriber.subscribeFromWorkQueue(MsgSubscriber.java:96)
	at com.navinfo.dataservice.dao.mq.job.JobMsgSubscriber$1.run(JobMsgSubscriber.java:31)
[2016-04-09 10:15:03,458] ERROR   769[run_job main thread] - JobMsgSubscriber$1.run(33) - 该键值未配置系统参数，无法获取uri，无法初始化ConnectionFacgtory。
com.navinfo.dataservice.dao.mq.MQConnectionException: 该键值未配置系统参数，无法获取uri，无法初始化ConnectionFacgtory。
	at com.navinfo.dataservice.dao.mq.MQConnector.getConnectionFactory(MQConnector.java:50)
	at com.navinfo.dataservice.dao.mq.MQConnector.getConnectionFactory(MQConnector.java:37)
	at com.navinfo.dataservice.dao.mq.MQConnector.getConnection(MQConnector.java:71)
	at com.navinfo.dataservice.dao.mq.MsgSubscriber.subscribeFromWorkQueue(MsgSubscriber.java:96)
	at com.navinfo.dataservice.dao.mq.job.JobMsgSubscriber$1.run(JobMsgSubscriber.java:31)
[2016-04-09 10:18:45,128] DEBUG     0[run_job main thread] - DynamicSystemConfig.loadRawConfig(55) - parse file /com/navinfo/dataservice/commons/config/SystemConfig.xml
[2016-04-09 10:18:45,236] DEBUG   108[run_job main thread] - DynamicSystemConfig.loadRawConfig(55) - parse file /SystemConfig.xml
[2016-04-09 10:18:45,239] ERROR   111[run_job main thread] - DynamicSystemConfig.loadRawConfig(73) - null Nested exception: null
[2016-04-09 10:18:45,240]  WARN   112[run_job main thread] - DynamicSystemConfig.loadRawConfig(74) - 加载配置文件/SystemConfig.xml错误，已忽略。。。
[2016-04-09 10:18:45,372]  INFO   244[run_job main thread] - DriverManagerDataSource.setDriverClassName(133) - Loaded JDBC driver: oracle.jdbc.driver.OracleDriver
[2016-04-09 10:18:45,374] DEBUG   246[run_job main thread] - DriverManagerDataSource.getConnectionFromDriver(142) - Creating new JDBC DriverManager Connection to [jdbc:oracle:thin:@192.168.4.131:1521/orcl]
[2016-04-09 10:18:45,943]  WARN   815[run_job main thread] - DynamicSystemConfig.loadDynamicConfig(109) - 系统未配置app.type类型，已忽略。。。
[2016-04-09 10:19:49,193] DEBUG     0[run_job main thread] - DynamicSystemConfig.loadRawConfig(55) - parse file /com/navinfo/dataservice/commons/config/SystemConfig.xml
[2016-04-09 10:19:49,292] DEBUG    99[run_job main thread] - DynamicSystemConfig.loadRawConfig(55) - parse file /SystemConfig.xml
[2016-04-09 10:19:49,297] ERROR   104[run_job main thread] - DynamicSystemConfig.loadRawConfig(73) - null Nested exception: null
[2016-04-09 10:19:49,297]  WARN   104[run_job main thread] - DynamicSystemConfig.loadRawConfig(74) - 加载配置文件/SystemConfig.xml错误，已忽略。。。
[2016-04-09 10:19:49,434]  INFO   241[run_job main thread] - DriverManagerDataSource.setDriverClassName(133) - Loaded JDBC driver: oracle.jdbc.driver.OracleDriver
[2016-04-09 10:19:49,435] DEBUG   242[run_job main thread] - DriverManagerDataSource.getConnectionFromDriver(142) - Creating new JDBC DriverManager Connection to [jdbc:oracle:thin:@192.168.4.131:1521/orcl]
[2016-04-09 10:19:49,957]  WARN   764[run_job main thread] - DynamicSystemConfig.loadDynamicConfig(109) - 系统未配置app.type类型，已忽略。。。
[2016-04-09 10:21:32,448] DEBUG     0[run_job main thread] - DynamicSystemConfig.loadRawConfig(55) - parse file /com/navinfo/dataservice/commons/config/SystemConfig.xml
[2016-04-09 10:21:32,546] DEBUG    98[run_job main thread] - DynamicSystemConfig.loadRawConfig(55) - parse file /SystemConfig.xml
[2016-04-09 10:21:32,550] ERROR   102[run_job main thread] - DynamicSystemConfig.loadRawConfig(73) - null Nested exception: null
[2016-04-09 10:21:32,551]  WARN   103[run_job main thread] - DynamicSystemConfig.loadRawConfig(74) - 加载配置文件/SystemConfig.xml错误，已忽略。。。
[2016-04-09 10:21:32,688]  INFO   240[run_job main thread] - DriverManagerDataSource.setDriverClassName(133) - Loaded JDBC driver: oracle.jdbc.driver.OracleDriver
[2016-04-09 10:21:32,688] DEBUG   240[run_job main thread] - DriverManagerDataSource.getConnectionFromDriver(142) - Creating new JDBC DriverManager Connection to [jdbc:oracle:thin:@192.168.4.131:1521/orcl]
[2016-04-09 10:21:33,199]  WARN   751[run_job main thread] - DynamicSystemConfig.loadDynamicConfig(109) - 系统未配置app.type类型，已忽略。。。
[2016-04-09 10:21:33,361]  INFO   913[run_job main thread] - MsgSubscriber.subscribeFromWorkQueue(110) - keep consuming...
[2016-04-09 10:23:59,343]  INFO     0[main] - JobFinder4RunFromMQ.main(43) - Starting Server...
[2016-04-09 10:23:59,351]  INFO     8[main] - JobFinder4RunFromMQ.main(46) - Server started.
[2016-04-09 10:23:59,369] DEBUG    26[run_job main thread] - DynamicSystemConfig.loadRawConfig(55) - parse file /com/navinfo/dataservice/commons/config/SystemConfig.xml
[2016-04-09 10:23:59,469] DEBUG   126[run_job main thread] - DynamicSystemConfig.loadRawConfig(55) - parse file /SystemConfig.xml
[2016-04-09 10:23:59,472] ERROR   129[run_job main thread] - DynamicSystemConfig.loadRawConfig(73) - null Nested exception: null
[2016-04-09 10:23:59,473]  WARN   130[run_job main thread] - DynamicSystemConfig.loadRawConfig(74) - 加载配置文件/SystemConfig.xml错误，已忽略。。。
[2016-04-09 10:23:59,605]  INFO   262[run_job main thread] - DriverManagerDataSource.setDriverClassName(133) - Loaded JDBC driver: oracle.jdbc.driver.OracleDriver
[2016-04-09 10:23:59,605] DEBUG   262[run_job main thread] - DriverManagerDataSource.getConnectionFromDriver(142) - Creating new JDBC DriverManager Connection to [jdbc:oracle:thin:@192.168.4.131:1521/orcl]
[2016-04-09 10:24:00,113]  WARN   770[run_job main thread] - DynamicSystemConfig.loadDynamicConfig(109) - 系统未配置app.type类型，已忽略。。。
[2016-04-09 10:24:00,277]  INFO   934[run_job main thread] - MsgSubscriber.subscribeFromWorkQueue(110) - keep consuming...
[2016-04-09 13:07:30,651]  INFO     0[main] - JobFinder4RunFromMQ.main(43) - Starting Server...
[2016-04-09 13:07:30,794] DEBUG   143[run_job main thread] - DynamicSystemConfig.loadRawConfig(55) - parse file /com/navinfo/dataservice/commons/config/SystemConfig.xml
[2016-04-09 13:07:31,013] DEBUG   362[run_job main thread] - DynamicSystemConfig.loadRawConfig(55) - parse file /SystemConfig.xml
[2016-04-09 13:07:31,015] ERROR   364[run_job main thread] - DynamicSystemConfig.loadRawConfig(73) - null Nested exception: null
[2016-04-09 13:07:31,015]  WARN   364[run_job main thread] - DynamicSystemConfig.loadRawConfig(74) - 加载配置文件/SystemConfig.xml错误，已忽略。。。
[2016-04-09 13:07:31,817]  INFO  1166[run_job main thread] - DriverManagerDataSource.setDriverClassName(133) - Loaded JDBC driver: oracle.jdbc.driver.OracleDriver
[2016-04-09 13:07:31,818] DEBUG  1167[run_job main thread] - DriverManagerDataSource.getConnectionFromDriver(142) - Creating new JDBC DriverManager Connection to [jdbc:oracle:thin:@192.168.4.131:1521/orcl]
[2016-04-09 13:07:33,226]  WARN  2575[run_job main thread] - DynamicSystemConfig.loadDynamicConfig(109) - 系统未配置app.type类型，已忽略。。。
[2016-04-09 13:07:33,620]  INFO  2969[run_job main thread] - MsgSubscriber.subscribeFromWorkQueue(110) - keep consuming...
[2016-04-09 14:12:45,973]  INFO     0[main] - JobFinder4RunFromMQ.main(43) - Starting Server...
[2016-04-09 14:12:56,107] DEBUG 10134[run_job main thread] - DynamicSystemConfig.loadRawConfig(55) - parse file /com/navinfo/dataservice/commons/config/SystemConfig.xml
[2016-04-09 14:12:56,196] DEBUG 10223[run_job main thread] - DynamicSystemConfig.loadRawConfig(55) - parse file /SystemConfig.xml
[2016-04-09 14:12:56,201] ERROR 10228[run_job main thread] - DynamicSystemConfig.loadRawConfig(73) - null Nested exception: null
[2016-04-09 14:12:56,202]  WARN 10229[run_job main thread] - DynamicSystemConfig.loadRawConfig(74) - 加载配置文件/SystemConfig.xml错误，已忽略。。。
[2016-04-09 14:12:56,348]  INFO 10375[run_job main thread] - DriverManagerDataSource.setDriverClassName(133) - Loaded JDBC driver: oracle.jdbc.driver.OracleDriver
[2016-04-09 14:12:56,348] DEBUG 10375[run_job main thread] - DriverManagerDataSource.getConnectionFromDriver(142) - Creating new JDBC DriverManager Connection to [jdbc:oracle:thin:@192.168.4.131:1521/orcl]
[2016-04-09 14:12:56,872]  WARN 10899[run_job main thread] - DynamicSystemConfig.loadDynamicConfig(109) - 系统未配置app.type类型，已忽略。。。
[2016-04-09 14:12:57,049]  INFO 11076[run_job main thread] - MsgSubscriber.subscribeFromWorkQueue(110) - keep consuming...
[2016-04-09 14:13:08,541]  INFO 22568[run_job main thread] - MsgSubscriber.subscribeFromWorkQueue(112) - get delivery...
[2016-04-09 14:13:08,697] DEBUG 22724[run_job main thread] - JobThreadPoolExecutor.execute(81) - 开始将任务加入job池。jobIdentity：job-5
[2016-04-09 14:31:08,339]  INFO     0[main] - JobFinder4RunFromMQ.main(43) - Starting Server...
[2016-04-09 14:31:08,370] DEBUG    31[run_job main thread] - DynamicSystemConfig.loadRawConfig(55) - parse file /com/navinfo/dataservice/commons/config/SystemConfig.xml
[2016-04-09 14:31:08,479] DEBUG   140[run_job main thread] - DynamicSystemConfig.loadRawConfig(55) - parse file /SystemConfig.xml
[2016-04-09 14:31:08,484] ERROR   145[run_job main thread] - DynamicSystemConfig.loadRawConfig(73) - null Nested exception: null
[2016-04-09 14:31:08,484]  WARN   145[run_job main thread] - DynamicSystemConfig.loadRawConfig(74) - 加载配置文件/SystemConfig.xml错误，已忽略。。。
[2016-04-09 14:31:08,630]  INFO   291[run_job main thread] - DriverManagerDataSource.setDriverClassName(133) - Loaded JDBC driver: oracle.jdbc.driver.OracleDriver
[2016-04-09 14:31:08,631] DEBUG   292[run_job main thread] - DriverManagerDataSource.getConnectionFromDriver(142) - Creating new JDBC DriverManager Connection to [jdbc:oracle:thin:@192.168.4.131:1521/orcl]
[2016-04-09 14:31:09,127]  WARN   788[run_job main thread] - DynamicSystemConfig.loadDynamicConfig(109) - 系统未配置app.type类型，已忽略。。。
[2016-04-09 14:31:09,311]  INFO   972[run_job main thread] - MsgSubscriber.subscribeFromWorkQueue(110) - keep consuming...
[2016-04-09 14:31:09,312]  INFO   973[run_job main thread] - MsgSubscriber.subscribeFromWorkQueue(112) - get delivery...
[2016-04-09 14:31:09,375] DEBUG  1036[run_job main thread] - JobThreadPoolExecutor.execute(81) - 开始将任务加入job池。jobIdentity：job-7
[2016-04-09 14:31:34,638] DEBUG 26299[run_job main thread] - JobCreateStrategy.loadMapping(53) - parse file /com/navinfo/dataservice/jobframework/job-class.xml
[2016-04-09 14:33:37,509]  INFO     0[main] - JobFinder4RunFromMQ.main(43) - Starting Server...
[2016-04-09 14:33:37,534] DEBUG    25[run_job main thread] - DynamicSystemConfig.loadRawConfig(55) - parse file /com/navinfo/dataservice/commons/config/SystemConfig.xml
[2016-04-09 14:33:37,621] DEBUG   112[run_job main thread] - DynamicSystemConfig.loadRawConfig(55) - parse file /SystemConfig.xml
[2016-04-09 14:33:37,626] ERROR   117[run_job main thread] - DynamicSystemConfig.loadRawConfig(73) - null Nested exception: null
[2016-04-09 14:33:37,627]  WARN   118[run_job main thread] - DynamicSystemConfig.loadRawConfig(74) - 加载配置文件/SystemConfig.xml错误，已忽略。。。
[2016-04-09 14:33:37,760]  INFO   251[run_job main thread] - DriverManagerDataSource.setDriverClassName(133) - Loaded JDBC driver: oracle.jdbc.driver.OracleDriver
[2016-04-09 14:33:37,760] DEBUG   251[run_job main thread] - DriverManagerDataSource.getConnectionFromDriver(142) - Creating new JDBC DriverManager Connection to [jdbc:oracle:thin:@192.168.4.131:1521/orcl]
[2016-04-09 14:33:38,372]  WARN   863[run_job main thread] - DynamicSystemConfig.loadDynamicConfig(109) - 系统未配置app.type类型，已忽略。。。
[2016-04-09 14:33:38,543]  INFO  1034[run_job main thread] - MsgSubscriber.subscribeFromWorkQueue(110) - keep consuming...
[2016-04-09 14:33:38,543]  INFO  1034[run_job main thread] - MsgSubscriber.subscribeFromWorkQueue(112) - get delivery...
[2016-04-09 14:33:38,596] DEBUG  1087[run_job main thread] - JobThreadPoolExecutor.execute(81) - 开始将任务加入job池。jobIdentity：job-7
[2016-04-09 14:33:40,696] DEBUG  3187[run_job main thread] - JobCreateStrategy.loadMapping(52) - parse file /com/navinfo/dataservice/jobframework/job-class.xml
[2016-04-09 14:33:45,757] ERROR  8248[run_job main thread] - JobCreateStrategy.create(42) - com.navinfo.dataservice.jobframework.runjob.SampleJob.<init>(com.navinfo.dataservice.api.job.model.JobInfo)
java.lang.NoSuchMethodException: com.navinfo.dataservice.jobframework.runjob.SampleJob.<init>(com.navinfo.dataservice.api.job.model.JobInfo)
	at java.lang.Class.getConstructor0(Unknown Source)
	at java.lang.Class.getConstructor(Unknown Source)
	at com.navinfo.dataservice.jobframework.runjob.JobCreateStrategy.create(JobCreateStrategy.java:40)
	at com.navinfo.dataservice.jobframework.runjob.JobThreadPoolExecutor.execute(JobThreadPoolExecutor.java:97)
	at com.navinfo.dataservice.jobframework.runjob.RunJobHandler.handle(RunJobHandler.java:31)
	at com.navinfo.dataservice.dao.mq.MsgSubscriber.subscribeFromWorkQueue(MsgSubscriber.java:114)
	at com.navinfo.dataservice.dao.mq.job.JobMsgSubscriber$1.run(JobMsgSubscriber.java:31)
[2016-04-09 14:35:24,355]  INFO     0[main] - JobFinder4RunFromMQ.main(43) - Starting Server...
[2016-04-09 14:35:24,382] DEBUG    27[run_job main thread] - DynamicSystemConfig.loadRawConfig(55) - parse file /com/navinfo/dataservice/commons/config/SystemConfig.xml
[2016-04-09 14:35:24,483] DEBUG   128[run_job main thread] - DynamicSystemConfig.loadRawConfig(55) - parse file /SystemConfig.xml
[2016-04-09 14:35:24,485] ERROR   130[run_job main thread] - DynamicSystemConfig.loadRawConfig(73) - null Nested exception: null
[2016-04-09 14:35:24,486]  WARN   131[run_job main thread] - DynamicSystemConfig.loadRawConfig(74) - 加载配置文件/SystemConfig.xml错误，已忽略。。。
[2016-04-09 14:35:24,615]  INFO   260[run_job main thread] - DriverManagerDataSource.setDriverClassName(133) - Loaded JDBC driver: oracle.jdbc.driver.OracleDriver
[2016-04-09 14:35:24,616] DEBUG   261[run_job main thread] - DriverManagerDataSource.getConnectionFromDriver(142) - Creating new JDBC DriverManager Connection to [jdbc:oracle:thin:@192.168.4.131:1521/orcl]
[2016-04-09 14:35:25,166]  WARN   811[run_job main thread] - DynamicSystemConfig.loadDynamicConfig(109) - 系统未配置app.type类型，已忽略。。。
[2016-04-09 14:35:25,331]  INFO   976[run_job main thread] - MsgSubscriber.subscribeFromWorkQueue(110) - keep consuming...
[2016-04-09 14:35:25,331]  INFO   976[run_job main thread] - MsgSubscriber.subscribeFromWorkQueue(112) - get delivery...
[2016-04-09 14:35:25,410] DEBUG  1055[run_job main thread] - JobThreadPoolExecutor.execute(81) - 开始将任务加入job池。jobIdentity：job-7
[2016-04-09 14:35:27,641] DEBUG  3286[run_job main thread] - JobCreateStrategy.loadMapping(52) - parse file /com/navinfo/dataservice/jobframework/job-class.xml
[2016-04-09 15:04:13,558]  INFO     0[main] - JobFinder4RunFromMQ.main(43) - Starting Server...
[2016-04-09 15:04:13,584] DEBUG    26[run_job main thread] - DynamicSystemConfig.loadRawConfig(55) - parse file /com/navinfo/dataservice/commons/config/SystemConfig.xml
[2016-04-09 15:04:13,683] DEBUG   125[run_job main thread] - DynamicSystemConfig.loadRawConfig(55) - parse file /SystemConfig.xml
[2016-04-09 15:04:13,687] ERROR   129[run_job main thread] - DynamicSystemConfig.loadRawConfig(73) - null Nested exception: null
[2016-04-09 15:04:13,688]  WARN   130[run_job main thread] - DynamicSystemConfig.loadRawConfig(74) - 加载配置文件/SystemConfig.xml错误，已忽略。。。
[2016-04-09 15:04:13,835]  INFO   277[run_job main thread] - DriverManagerDataSource.setDriverClassName(133) - Loaded JDBC driver: oracle.jdbc.driver.OracleDriver
[2016-04-09 15:04:13,835] DEBUG   277[run_job main thread] - DriverManagerDataSource.getConnectionFromDriver(142) - Creating new JDBC DriverManager Connection to [jdbc:oracle:thin:@192.168.4.131:1521/orcl]
[2016-04-09 15:04:14,331]  WARN   773[run_job main thread] - DynamicSystemConfig.loadDynamicConfig(109) - 系统未配置app.type类型，已忽略。。。
[2016-04-09 15:04:14,510]  INFO   952[run_job main thread] - MsgSubscriber.subscribeFromWorkQueue(110) - keep consuming...
[2016-04-09 15:04:14,511]  INFO   953[run_job main thread] - MsgSubscriber.subscribeFromWorkQueue(112) - get delivery...
[2016-04-09 15:04:14,577] DEBUG  1019[run_job main thread] - JobThreadPoolExecutor.execute(81) - 开始将任务加入job池。jobIdentity：job-10
[2016-04-09 15:04:14,581] DEBUG  1023[run_job main thread] - JobCreateStrategy.loadMapping(52) - parse file /com/navinfo/dataservice/jobframework/job-class.xml
[2016-04-09 15:04:14,589] DEBUG  1031[run_job main thread] - JobThreadPoolExecutor.execute(99) - 开始执行job(jobIdentity:job-10)......
[2016-04-09 15:04:14,590]  INFO  1032[run_job main thread] - MsgSubscriber.subscribeFromWorkQueue(115) - called handler...
[2016-04-09 15:04:14,591]  INFO  1033[run_job main thread] - MsgSubscriber.subscribeFromWorkQueue(117) - msg acked
[2016-04-09 15:04:14,591]  INFO  1033[run_job main thread] - MsgSubscriber.subscribeFromWorkQueue(110) - keep consuming...
[2016-04-09 15:04:14,594] DEBUG  1036[pool-4-thread-1] - MultiDataSourceFactory.getDataSource(115) - =============================DBINFO==========================
[2016-04-09 15:04:14,594] DEBUG  1036[pool-4-thread-1] - MultiDataSourceFactory.getDataSource(116) - url:jdbc:oracle:thin:@192.168.4.131:1521/orcl
[2016-04-09 15:04:14,595] DEBUG  1037[pool-4-thread-1] - MultiDataSourceFactory.getDataSource(117) - username:pm_xxw
[2016-04-09 15:04:14,595] DEBUG  1037[pool-4-thread-1] - MultiDataSourceFactory.getDataSource(118) - password:pm_xxw
[2016-04-09 15:04:14,728] DEBUG  1170[pool-4-thread-1] - AbstractJob.initLogger(106) - 初始化job日志,将日志对象Logger 放入ThreadLocal对象中：10
[2016-04-09 15:04:14,728]  INFO  1170[pool-4-thread-1] - LoggerRepos.createLogger(57) - create a log gine named:job-10
[2016-04-09 15:04:14,732] DEBUG  1174[pool-4-thread-1] - LoggerRepos.createLogger(60) - create task log:logs/job-10-20160409150414.log
[2016-04-09 15:04:20,737] DEBUG  7179[pool-4-thread-1] - JobThreadPoolExecutor.afterExecute(114) - removed job thread. jobIdentity:job-10
[2016-04-09 15:13:34,931]  INFO     0[main] - JobFinder4RunFromMQ.main(43) - Starting Server...
[2016-04-09 15:13:34,953] DEBUG    22[run_job main thread] - DynamicSystemConfig.loadRawConfig(55) - parse file /com/navinfo/dataservice/commons/config/SystemConfig.xml
[2016-04-09 15:13:35,026] DEBUG    95[run_job main thread] - DynamicSystemConfig.loadRawConfig(55) - parse file /SystemConfig.xml
[2016-04-09 15:13:35,029] ERROR    98[run_job main thread] - DynamicSystemConfig.loadRawConfig(73) - null Nested exception: null
[2016-04-09 15:13:35,029]  WARN    98[run_job main thread] - DynamicSystemConfig.loadRawConfig(74) - 加载配置文件/SystemConfig.xml错误，已忽略。。。
[2016-04-09 15:13:35,147]  INFO   216[run_job main thread] - DriverManagerDataSource.setDriverClassName(133) - Loaded JDBC driver: oracle.jdbc.driver.OracleDriver
[2016-04-09 15:13:35,148] DEBUG   217[run_job main thread] - DriverManagerDataSource.getConnectionFromDriver(142) - Creating new JDBC DriverManager Connection to [jdbc:oracle:thin:@192.168.4.131:1521/orcl]
[2016-04-09 15:13:35,616]  WARN   685[run_job main thread] - DynamicSystemConfig.loadDynamicConfig(109) - 系统未配置app.type类型，已忽略。。。
[2016-04-09 15:13:35,757]  INFO   826[run_job main thread] - MsgSubscriber.subscribeFromWorkQueue(110) - keep consuming...
[2016-04-09 15:13:35,758]  INFO   827[run_job main thread] - MsgSubscriber.subscribeFromWorkQueue(112) - get delivery...
[2016-04-09 15:13:35,812] DEBUG   881[run_job main thread] - JobThreadPoolExecutor.execute(81) - 开始将任务加入job池。jobIdentity：job-11
[2016-04-09 15:13:35,814] DEBUG   883[run_job main thread] - JobCreateStrategy.loadMapping(52) - parse file /com/navinfo/dataservice/jobframework/job-class.xml
[2016-04-09 15:13:35,818] DEBUG   887[run_job main thread] - JobThreadPoolExecutor.execute(99) - 开始执行job(jobIdentity:job-11)......
[2016-04-09 15:13:35,819] DEBUG   888[pool-4-thread-1] - AbstractJob.initLogger(111) - 初始化job日志,将日志对象Logger 放入ThreadLocal对象中：11
[2016-04-09 15:13:35,819]  INFO   888[run_job main thread] - MsgSubscriber.subscribeFromWorkQueue(115) - called handler...
[2016-04-09 15:13:35,819]  INFO   888[pool-4-thread-1] - LoggerRepos.createLogger(57) - create a log gine named:job-11
[2016-04-09 15:13:35,820]  INFO   889[run_job main thread] - MsgSubscriber.subscribeFromWorkQueue(117) - msg acked
[2016-04-09 15:13:35,820]  INFO   889[run_job main thread] - MsgSubscriber.subscribeFromWorkQueue(110) - keep consuming...
[2016-04-09 15:13:35,824] DEBUG   893[pool-4-thread-1] - LoggerRepos.createLogger(60) - create task log:logs/job-11-20160409151335.log
[2016-04-09 15:13:48,101] DEBUG 13170[pool-4-thread-1] - JobThreadPoolExecutor.afterExecute(114) - removed job thread. jobIdentity:job-11
[2016-04-09 17:12:07,089]  INFO     0[main] - JobFinder4RunFromMQ.main(44) - Starting Server...
[2016-04-09 17:12:07,092]  INFO     3[main] - JobFinder4RunFromMQ.startFinding(23) - Starting find JobMsgType:resp_job
[2016-04-09 17:12:07,111] DEBUG    22[resp_job main thread] - DynamicSystemConfig.loadRawConfig(55) - parse file /com/navinfo/dataservice/commons/config/SystemConfig.xml
[2016-04-09 17:12:07,288] DEBUG   199[resp_job main thread] - DynamicSystemConfig.loadRawConfig(55) - parse file /SystemConfig.xml
[2016-04-09 17:12:07,290] ERROR   201[resp_job main thread] - DynamicSystemConfig.loadRawConfig(73) - null Nested exception: null
[2016-04-09 17:12:07,291]  WARN   202[resp_job main thread] - DynamicSystemConfig.loadRawConfig(74) - 加载配置文件/SystemConfig.xml错误，已忽略。。。
[2016-04-09 17:12:07,566]  INFO   477[resp_job main thread] - DriverManagerDataSource.setDriverClassName(133) - Loaded JDBC driver: oracle.jdbc.driver.OracleDriver
[2016-04-09 17:12:07,567] DEBUG   478[resp_job main thread] - DriverManagerDataSource.getConnectionFromDriver(142) - Creating new JDBC DriverManager Connection to [jdbc:oracle:thin:@192.168.4.131:1521/orcl]
[2016-04-09 17:12:08,350]  WARN  1261[resp_job main thread] - DynamicSystemConfig.loadDynamicConfig(109) - 系统未配置app.type类型，已忽略。。。
[2016-04-09 17:12:08,594]  INFO  1505[resp_job main thread] - MsgSubscriber.subscribeFromWorkQueue(110) - keep consuming...
[2016-04-09 17:12:08,597]  INFO  1508[resp_job main thread] - MsgSubscriber.subscribeFromWorkQueue(112) - get delivery...
[2016-04-09 17:12:08,679] ERROR  1590[resp_job main thread] - ResponseJobHandler.handle(49) - 
java.lang.NullPointerException
	at org.apache.commons.dbutils.QueryRunner.prepareStatement(QueryRunner.java:317)
	at org.apache.commons.dbutils.QueryRunner.update(QueryRunner.java:594)
	at com.navinfo.navicommons.database.QueryRunner.update(QueryRunner.java:259)
	at com.navinfo.dataservice.jobframework.service.ResponseJobHandler.handle(ResponseJobHandler.java:42)
	at com.navinfo.dataservice.dao.mq.MsgSubscriber.subscribeFromWorkQueue(MsgSubscriber.java:114)
	at com.navinfo.dataservice.dao.mq.job.JobMsgSubscriber$1.run(JobMsgSubscriber.java:31)
[2016-04-09 17:12:08,679]  INFO  1590[resp_job main thread] - MsgSubscriber.subscribeFromWorkQueue(115) - called handler...
[2016-04-09 17:12:08,680]  INFO  1591[resp_job main thread] - MsgSubscriber.subscribeFromWorkQueue(117) - msg acked
[2016-04-09 17:12:08,680]  INFO  1591[resp_job main thread] - MsgSubscriber.subscribeFromWorkQueue(110) - keep consuming...
[2016-04-09 17:12:08,684]  INFO  1595[resp_job main thread] - MsgSubscriber.subscribeFromWorkQueue(112) - get delivery...
[2016-04-09 17:12:08,685] ERROR  1596[resp_job main thread] - ResponseJobHandler.handle(49) - 
java.lang.NullPointerException
	at org.apache.commons.dbutils.QueryRunner.prepareStatement(QueryRunner.java:317)
	at org.apache.commons.dbutils.QueryRunner.update(QueryRunner.java:594)
	at com.navinfo.navicommons.database.QueryRunner.update(QueryRunner.java:259)
	at com.navinfo.dataservice.jobframework.service.ResponseJobHandler.handle(ResponseJobHandler.java:42)
	at com.navinfo.dataservice.dao.mq.MsgSubscriber.subscribeFromWorkQueue(MsgSubscriber.java:114)
	at com.navinfo.dataservice.dao.mq.job.JobMsgSubscriber$1.run(JobMsgSubscriber.java:31)
[2016-04-09 17:12:08,686]  INFO  1597[resp_job main thread] - MsgSubscriber.subscribeFromWorkQueue(115) - called handler...
[2016-04-09 17:12:08,686]  INFO  1597[resp_job main thread] - MsgSubscriber.subscribeFromWorkQueue(117) - msg acked
[2016-04-09 17:12:08,686]  INFO  1597[resp_job main thread] - MsgSubscriber.subscribeFromWorkQueue(110) - keep consuming...
[2016-04-09 17:12:08,689]  INFO  1600[resp_job main thread] - MsgSubscriber.subscribeFromWorkQueue(112) - get delivery...
[2016-04-09 17:12:08,691] ERROR  1602[resp_job main thread] - ResponseJobHandler.handle(49) - 
java.lang.NullPointerException
	at org.apache.commons.dbutils.QueryRunner.prepareStatement(QueryRunner.java:317)
	at org.apache.commons.dbutils.QueryRunner.update(QueryRunner.java:594)
	at com.navinfo.navicommons.database.QueryRunner.update(QueryRunner.java:259)
	at com.navinfo.dataservice.jobframework.service.ResponseJobHandler.handle(ResponseJobHandler.java:42)
	at com.navinfo.dataservice.dao.mq.MsgSubscriber.subscribeFromWorkQueue(MsgSubscriber.java:114)
	at com.navinfo.dataservice.dao.mq.job.JobMsgSubscriber$1.run(JobMsgSubscriber.java:31)
[2016-04-09 17:12:08,691]  INFO  1602[resp_job main thread] - MsgSubscriber.subscribeFromWorkQueue(115) - called handler...
[2016-04-09 17:12:08,691]  INFO  1602[resp_job main thread] - MsgSubscriber.subscribeFromWorkQueue(117) - msg acked
[2016-04-09 17:12:08,691]  INFO  1602[resp_job main thread] - MsgSubscriber.subscribeFromWorkQueue(110) - keep consuming...
[2016-04-09 17:12:08,699]  INFO  1610[resp_job main thread] - MsgSubscriber.subscribeFromWorkQueue(112) - get delivery...
[2016-04-09 17:12:08,699] ERROR  1610[resp_job main thread] - ResponseJobHandler.handle(49) - 
java.lang.NullPointerException
	at org.apache.commons.dbutils.QueryRunner.prepareStatement(QueryRunner.java:317)
	at org.apache.commons.dbutils.QueryRunner.update(QueryRunner.java:594)
	at com.navinfo.navicommons.database.QueryRunner.update(QueryRunner.java:259)
	at com.navinfo.dataservice.jobframework.service.ResponseJobHandler.handle(ResponseJobHandler.java:42)
	at com.navinfo.dataservice.dao.mq.MsgSubscriber.subscribeFromWorkQueue(MsgSubscriber.java:114)
	at com.navinfo.dataservice.dao.mq.job.JobMsgSubscriber$1.run(JobMsgSubscriber.java:31)
[2016-04-09 17:12:08,700]  INFO  1611[resp_job main thread] - MsgSubscriber.subscribeFromWorkQueue(115) - called handler...
[2016-04-09 17:12:08,700]  INFO  1611[resp_job main thread] - MsgSubscriber.subscribeFromWorkQueue(117) - msg acked
[2016-04-09 17:12:08,700]  INFO  1611[resp_job main thread] - MsgSubscriber.subscribeFromWorkQueue(110) - keep consuming...
[2016-04-09 17:12:08,702]  INFO  1613[resp_job main thread] - MsgSubscriber.subscribeFromWorkQueue(112) - get delivery...
[2016-04-09 17:12:08,703] ERROR  1614[resp_job main thread] - ResponseJobHandler.handle(49) - 
java.lang.NullPointerException
	at org.apache.commons.dbutils.QueryRunner.prepareStatement(QueryRunner.java:317)
	at org.apache.commons.dbutils.QueryRunner.update(QueryRunner.java:594)
	at com.navinfo.navicommons.database.QueryRunner.update(QueryRunner.java:259)
	at com.navinfo.dataservice.jobframework.service.ResponseJobHandler.handle(ResponseJobHandler.java:42)
	at com.navinfo.dataservice.dao.mq.MsgSubscriber.subscribeFromWorkQueue(MsgSubscriber.java:114)
	at com.navinfo.dataservice.dao.mq.job.JobMsgSubscriber$1.run(JobMsgSubscriber.java:31)
[2016-04-09 17:12:08,704]  INFO  1615[resp_job main thread] - MsgSubscriber.subscribeFromWorkQueue(115) - called handler...
[2016-04-09 17:12:08,704]  INFO  1615[resp_job main thread] - MsgSubscriber.subscribeFromWorkQueue(117) - msg acked
[2016-04-09 17:12:08,704]  INFO  1615[resp_job main thread] - MsgSubscriber.subscribeFromWorkQueue(110) - keep consuming...
[2016-04-09 17:12:08,724]  INFO  1635[resp_job main thread] - MsgSubscriber.subscribeFromWorkQueue(112) - get delivery...
[2016-04-09 17:12:08,725] ERROR  1636[resp_job main thread] - ResponseJobHandler.handle(49) - 
java.lang.NullPointerException
	at org.apache.commons.dbutils.QueryRunner.prepareStatement(QueryRunner.java:317)
	at org.apache.commons.dbutils.QueryRunner.update(QueryRunner.java:594)
	at com.navinfo.navicommons.database.QueryRunner.update(QueryRunner.java:259)
	at com.navinfo.dataservice.jobframework.service.ResponseJobHandler.handle(ResponseJobHandler.java:42)
	at com.navinfo.dataservice.dao.mq.MsgSubscriber.subscribeFromWorkQueue(MsgSubscriber.java:114)
	at com.navinfo.dataservice.dao.mq.job.JobMsgSubscriber$1.run(JobMsgSubscriber.java:31)
[2016-04-09 17:12:08,726]  INFO  1637[resp_job main thread] - MsgSubscriber.subscribeFromWorkQueue(115) - called handler...
[2016-04-09 17:12:08,726]  INFO  1637[resp_job main thread] - MsgSubscriber.subscribeFromWorkQueue(117) - msg acked
[2016-04-09 17:12:08,726]  INFO  1637[resp_job main thread] - MsgSubscriber.subscribeFromWorkQueue(110) - keep consuming...
[2016-04-09 17:12:08,729]  INFO  1640[resp_job main thread] - MsgSubscriber.subscribeFromWorkQueue(112) - get delivery...
[2016-04-09 17:12:08,731] ERROR  1642[resp_job main thread] - ResponseJobHandler.handle(49) - 
java.lang.NullPointerException
	at org.apache.commons.dbutils.QueryRunner.prepareStatement(QueryRunner.java:317)
	at org.apache.commons.dbutils.QueryRunner.update(QueryRunner.java:594)
	at com.navinfo.navicommons.database.QueryRunner.update(QueryRunner.java:259)
	at com.navinfo.dataservice.jobframework.service.ResponseJobHandler.handle(ResponseJobHandler.java:42)
	at com.navinfo.dataservice.dao.mq.MsgSubscriber.subscribeFromWorkQueue(MsgSubscriber.java:114)
	at com.navinfo.dataservice.dao.mq.job.JobMsgSubscriber$1.run(JobMsgSubscriber.java:31)
[2016-04-09 17:12:08,731]  INFO  1642[resp_job main thread] - MsgSubscriber.subscribeFromWorkQueue(115) - called handler...
[2016-04-09 17:12:08,732]  INFO  1643[resp_job main thread] - MsgSubscriber.subscribeFromWorkQueue(117) - msg acked
[2016-04-09 17:12:08,732]  INFO  1643[resp_job main thread] - MsgSubscriber.subscribeFromWorkQueue(110) - keep consuming...
[2016-04-09 17:12:08,735]  INFO  1646[resp_job main thread] - MsgSubscriber.subscribeFromWorkQueue(112) - get delivery...
[2016-04-09 17:12:08,735] ERROR  1646[resp_job main thread] - ResponseJobHandler.handle(49) - 
java.lang.NullPointerException
	at org.apache.commons.dbutils.QueryRunner.prepareStatement(QueryRunner.java:317)
	at org.apache.commons.dbutils.QueryRunner.update(QueryRunner.java:594)
	at com.navinfo.navicommons.database.QueryRunner.update(QueryRunner.java:259)
	at com.navinfo.dataservice.jobframework.service.ResponseJobHandler.handle(ResponseJobHandler.java:42)
	at com.navinfo.dataservice.dao.mq.MsgSubscriber.subscribeFromWorkQueue(MsgSubscriber.java:114)
	at com.navinfo.dataservice.dao.mq.job.JobMsgSubscriber$1.run(JobMsgSubscriber.java:31)
[2016-04-09 17:12:08,736]  INFO  1647[resp_job main thread] - MsgSubscriber.subscribeFromWorkQueue(115) - called handler...
[2016-04-09 17:12:08,736]  INFO  1647[resp_job main thread] - MsgSubscriber.subscribeFromWorkQueue(117) - msg acked
[2016-04-09 17:12:08,736]  INFO  1647[resp_job main thread] - MsgSubscriber.subscribeFromWorkQueue(110) - keep consuming...
[2016-04-09 17:12:08,746]  INFO  1657[resp_job main thread] - MsgSubscriber.subscribeFromWorkQueue(112) - get delivery...
[2016-04-09 17:12:08,747] ERROR  1658[resp_job main thread] - ResponseJobHandler.handle(49) - 
java.lang.NullPointerException
	at org.apache.commons.dbutils.QueryRunner.prepareStatement(QueryRunner.java:317)
	at org.apache.commons.dbutils.QueryRunner.update(QueryRunner.java:594)
	at com.navinfo.navicommons.database.QueryRunner.update(QueryRunner.java:259)
	at com.navinfo.dataservice.jobframework.service.ResponseJobHandler.handle(ResponseJobHandler.java:42)
	at com.navinfo.dataservice.dao.mq.MsgSubscriber.subscribeFromWorkQueue(MsgSubscriber.java:114)
	at com.navinfo.dataservice.dao.mq.job.JobMsgSubscriber$1.run(JobMsgSubscriber.java:31)
[2016-04-09 17:12:08,747]  INFO  1658[resp_job main thread] - MsgSubscriber.subscribeFromWorkQueue(115) - called handler...
[2016-04-09 17:12:08,748]  INFO  1659[resp_job main thread] - MsgSubscriber.subscribeFromWorkQueue(117) - msg acked
[2016-04-09 17:12:08,748]  INFO  1659[resp_job main thread] - MsgSubscriber.subscribeFromWorkQueue(110) - keep consuming...
[2016-04-09 17:12:08,754]  INFO  1665[resp_job main thread] - MsgSubscriber.subscribeFromWorkQueue(112) - get delivery...
[2016-04-09 17:12:08,755] ERROR  1666[resp_job main thread] - ResponseJobHandler.handle(49) - 
java.lang.NullPointerException
	at org.apache.commons.dbutils.QueryRunner.prepareStatement(QueryRunner.java:317)
	at org.apache.commons.dbutils.QueryRunner.update(QueryRunner.java:594)
	at com.navinfo.navicommons.database.QueryRunner.update(QueryRunner.java:259)
	at com.navinfo.dataservice.jobframework.service.ResponseJobHandler.handle(ResponseJobHandler.java:42)
	at com.navinfo.dataservice.dao.mq.MsgSubscriber.subscribeFromWorkQueue(MsgSubscriber.java:114)
	at com.navinfo.dataservice.dao.mq.job.JobMsgSubscriber$1.run(JobMsgSubscriber.java:31)
[2016-04-09 17:12:08,755]  INFO  1666[resp_job main thread] - MsgSubscriber.subscribeFromWorkQueue(115) - called handler...
[2016-04-09 17:12:08,756]  INFO  1667[resp_job main thread] - MsgSubscriber.subscribeFromWorkQueue(117) - msg acked
[2016-04-09 17:12:08,756]  INFO  1667[resp_job main thread] - MsgSubscriber.subscribeFromWorkQueue(110) - keep consuming...
[2016-04-09 17:12:08,760]  INFO  1671[resp_job main thread] - MsgSubscriber.subscribeFromWorkQueue(112) - get delivery...
[2016-04-09 17:12:08,761] ERROR  1672[resp_job main thread] - ResponseJobHandler.handle(49) - 
java.lang.NullPointerException
	at org.apache.commons.dbutils.QueryRunner.prepareStatement(QueryRunner.java:317)
	at org.apache.commons.dbutils.QueryRunner.update(QueryRunner.java:594)
	at com.navinfo.navicommons.database.QueryRunner.update(QueryRunner.java:259)
	at com.navinfo.dataservice.jobframework.service.ResponseJobHandler.handle(ResponseJobHandler.java:42)
	at com.navinfo.dataservice.dao.mq.MsgSubscriber.subscribeFromWorkQueue(MsgSubscriber.java:114)
	at com.navinfo.dataservice.dao.mq.job.JobMsgSubscriber$1.run(JobMsgSubscriber.java:31)
[2016-04-09 17:12:08,761]  INFO  1672[resp_job main thread] - MsgSubscriber.subscribeFromWorkQueue(115) - called handler...
[2016-04-09 17:12:08,761]  INFO  1672[resp_job main thread] - MsgSubscriber.subscribeFromWorkQueue(117) - msg acked
[2016-04-09 17:12:08,761]  INFO  1672[resp_job main thread] - MsgSubscriber.subscribeFromWorkQueue(110) - keep consuming...
[2016-04-09 17:12:08,763]  INFO  1674[resp_job main thread] - MsgSubscriber.subscribeFromWorkQueue(112) - get delivery...
[2016-04-09 17:12:08,764] ERROR  1675[resp_job main thread] - ResponseJobHandler.handle(49) - 
java.lang.NullPointerException
	at org.apache.commons.dbutils.QueryRunner.prepareStatement(QueryRunner.java:317)
	at org.apache.commons.dbutils.QueryRunner.update(QueryRunner.java:594)
	at com.navinfo.navicommons.database.QueryRunner.update(QueryRunner.java:259)
	at com.navinfo.dataservice.jobframework.service.ResponseJobHandler.handle(ResponseJobHandler.java:42)
	at com.navinfo.dataservice.dao.mq.MsgSubscriber.subscribeFromWorkQueue(MsgSubscriber.java:114)
	at com.navinfo.dataservice.dao.mq.job.JobMsgSubscriber$1.run(JobMsgSubscriber.java:31)
[2016-04-09 17:12:08,764]  INFO  1675[resp_job main thread] - MsgSubscriber.subscribeFromWorkQueue(115) - called handler...
[2016-04-09 17:12:08,764]  INFO  1675[resp_job main thread] - MsgSubscriber.subscribeFromWorkQueue(117) - msg acked
[2016-04-09 17:12:08,764]  INFO  1675[resp_job main thread] - MsgSubscriber.subscribeFromWorkQueue(110) - keep consuming...
[2016-04-09 17:18:44,113]  INFO     0[main] - JobFinder4RunFromMQ.main(44) - Starting Server...
[2016-04-09 17:18:44,116]  INFO     3[main] - JobFinder4RunFromMQ.startFinding(23) - Starting find JobMsgType:resp_job
[2016-04-09 17:18:44,136] DEBUG    23[resp_job main thread] - DynamicSystemConfig.loadRawConfig(55) - parse file /com/navinfo/dataservice/commons/config/SystemConfig.xml
[2016-04-09 17:18:44,232] DEBUG   119[resp_job main thread] - DynamicSystemConfig.loadRawConfig(55) - parse file /SystemConfig.xml
[2016-04-09 17:18:44,235] ERROR   122[resp_job main thread] - DynamicSystemConfig.loadRawConfig(73) - null Nested exception: null
[2016-04-09 17:18:44,236]  WARN   123[resp_job main thread] - DynamicSystemConfig.loadRawConfig(74) - 加载配置文件/SystemConfig.xml错误，已忽略。。。
[2016-04-09 17:18:44,349]  INFO   236[resp_job main thread] - DriverManagerDataSource.setDriverClassName(133) - Loaded JDBC driver: oracle.jdbc.driver.OracleDriver
[2016-04-09 17:18:44,349] DEBUG   236[resp_job main thread] - DriverManagerDataSource.getConnectionFromDriver(142) - Creating new JDBC DriverManager Connection to [jdbc:oracle:thin:@192.168.4.131:1521/orcl]
[2016-04-09 17:18:44,867]  WARN   754[resp_job main thread] - DynamicSystemConfig.loadDynamicConfig(109) - 系统未配置app.type类型，已忽略。。。
[2016-04-09 17:18:45,038]  INFO   925[resp_job main thread] - MsgSubscriber.subscribeFromWorkQueue(110) - keep consuming...
[2016-04-09 17:18:45,040]  INFO   927[resp_job main thread] - MsgSubscriber.subscribeFromWorkQueue(112) - get delivery...
[2016-04-09 17:18:45,092] DEBUG   979[resp_job main thread] - MultiDataSourceFactory.getDataSource(115) - =============================DBINFO==========================
[2016-04-09 17:18:45,092] DEBUG   979[resp_job main thread] - MultiDataSourceFactory.getDataSource(116) - url:jdbc:oracle:thin:@192.168.4.131:1521/orcl
[2016-04-09 17:18:45,092] DEBUG   979[resp_job main thread] - MultiDataSourceFactory.getDataSource(117) - username:pm_xxw
[2016-04-09 17:18:45,092] DEBUG   979[resp_job main thread] - MultiDataSourceFactory.getDataSource(118) - password:pm_xxw
[2016-04-09 17:18:45,551] ERROR  1438[resp_job main thread] - ResponseJobHandler.handle(52) - ORA-00904: "RESPONSE": 标识符无效
 Query: UPDATE JOB_INFO SET RESPONSE=? WHERE JOB_ID=? Parameters: [{}, 17]
java.sql.SQLException: ORA-00904: "RESPONSE": 标识符无效
 Query: UPDATE JOB_INFO SET RESPONSE=? WHERE JOB_ID=? Parameters: [{}, 17]
	at org.apache.commons.dbutils.QueryRunner.rethrow(QueryRunner.java:542)
	at org.apache.commons.dbutils.QueryRunner.update(QueryRunner.java:599)
	at com.navinfo.navicommons.database.QueryRunner.update(QueryRunner.java:259)
	at com.navinfo.dataservice.jobframework.service.ResponseJobHandler.handle(ResponseJobHandler.java:45)
	at com.navinfo.dataservice.dao.mq.MsgSubscriber.subscribeFromWorkQueue(MsgSubscriber.java:114)
	at com.navinfo.dataservice.dao.mq.job.JobMsgSubscriber$1.run(JobMsgSubscriber.java:31)
[2016-04-09 17:18:45,557]  INFO  1444[resp_job main thread] - MsgSubscriber.subscribeFromWorkQueue(115) - called handler...
[2016-04-09 17:18:45,558]  INFO  1445[resp_job main thread] - MsgSubscriber.subscribeFromWorkQueue(117) - msg acked
[2016-04-09 17:18:45,558]  INFO  1445[resp_job main thread] - MsgSubscriber.subscribeFromWorkQueue(110) - keep consuming...
[2016-04-09 17:18:45,562]  INFO  1449[resp_job main thread] - MsgSubscriber.subscribeFromWorkQueue(112) - get delivery...
[2016-04-09 17:18:45,563] DEBUG  1450[resp_job main thread] - MultiDataSourceFactory.getDataSource(128) - find datasource from cache,key=MAN
[2016-04-09 17:18:45,569] ERROR  1456[resp_job main thread] - ResponseJobHandler.handle(52) - ORA-00904: "RESPONSE": 标识符无效
 Query: UPDATE JOB_INFO SET RESPONSE=? WHERE JOB_ID=? Parameters: [{}, 18]
java.sql.SQLException: ORA-00904: "RESPONSE": 标识符无效
 Query: UPDATE JOB_INFO SET RESPONSE=? WHERE JOB_ID=? Parameters: [{}, 18]
	at org.apache.commons.dbutils.QueryRunner.rethrow(QueryRunner.java:542)
	at org.apache.commons.dbutils.QueryRunner.update(QueryRunner.java:599)
	at com.navinfo.navicommons.database.QueryRunner.update(QueryRunner.java:259)
	at com.navinfo.dataservice.jobframework.service.ResponseJobHandler.handle(ResponseJobHandler.java:45)
	at com.navinfo.dataservice.dao.mq.MsgSubscriber.subscribeFromWorkQueue(MsgSubscriber.java:114)
	at com.navinfo.dataservice.dao.mq.job.JobMsgSubscriber$1.run(JobMsgSubscriber.java:31)
[2016-04-09 17:18:45,572]  INFO  1459[resp_job main thread] - MsgSubscriber.subscribeFromWorkQueue(115) - called handler...
[2016-04-09 17:18:45,573]  INFO  1460[resp_job main thread] - MsgSubscriber.subscribeFromWorkQueue(117) - msg acked
[2016-04-09 17:18:45,573]  INFO  1460[resp_job main thread] - MsgSubscriber.subscribeFromWorkQueue(110) - keep consuming...
[2016-04-09 17:18:45,576]  INFO  1463[resp_job main thread] - MsgSubscriber.subscribeFromWorkQueue(112) - get delivery...
[2016-04-09 17:18:45,579] DEBUG  1466[resp_job main thread] - MultiDataSourceFactory.getDataSource(128) - find datasource from cache,key=MAN
[2016-04-09 17:18:45,586] ERROR  1473[resp_job main thread] - ResponseJobHandler.handle(52) - ORA-00904: "RESPONSE": 标识符无效
 Query: UPDATE JOB_INFO SET RESPONSE=? WHERE JOB_ID=? Parameters: [{}, 16]
java.sql.SQLException: ORA-00904: "RESPONSE": 标识符无效
 Query: UPDATE JOB_INFO SET RESPONSE=? WHERE JOB_ID=? Parameters: [{}, 16]
	at org.apache.commons.dbutils.QueryRunner.rethrow(QueryRunner.java:542)
	at org.apache.commons.dbutils.QueryRunner.update(QueryRunner.java:599)
	at com.navinfo.navicommons.database.QueryRunner.update(QueryRunner.java:259)
	at com.navinfo.dataservice.jobframework.service.ResponseJobHandler.handle(ResponseJobHandler.java:45)
	at com.navinfo.dataservice.dao.mq.MsgSubscriber.subscribeFromWorkQueue(MsgSubscriber.java:114)
	at com.navinfo.dataservice.dao.mq.job.JobMsgSubscriber$1.run(JobMsgSubscriber.java:31)
[2016-04-09 17:18:45,589]  INFO  1476[resp_job main thread] - MsgSubscriber.subscribeFromWorkQueue(115) - called handler...
[2016-04-09 17:18:45,589]  INFO  1476[resp_job main thread] - MsgSubscriber.subscribeFromWorkQueue(117) - msg acked
[2016-04-09 17:18:45,589]  INFO  1476[resp_job main thread] - MsgSubscriber.subscribeFromWorkQueue(110) - keep consuming...
[2016-04-09 17:18:45,591]  INFO  1478[resp_job main thread] - MsgSubscriber.subscribeFromWorkQueue(112) - get delivery...
[2016-04-09 17:18:45,593] DEBUG  1480[resp_job main thread] - MultiDataSourceFactory.getDataSource(128) - find datasource from cache,key=MAN
[2016-04-09 17:18:45,599] ERROR  1486[resp_job main thread] - ResponseJobHandler.handle(52) - ORA-00904: "RESPONSE": 标识符无效
 Query: UPDATE JOB_INFO SET RESPONSE=? WHERE JOB_ID=? Parameters: [{}, 18]
java.sql.SQLException: ORA-00904: "RESPONSE": 标识符无效
 Query: UPDATE JOB_INFO SET RESPONSE=? WHERE JOB_ID=? Parameters: [{}, 18]
	at org.apache.commons.dbutils.QueryRunner.rethrow(QueryRunner.java:542)
	at org.apache.commons.dbutils.QueryRunner.update(QueryRunner.java:599)
	at com.navinfo.navicommons.database.QueryRunner.update(QueryRunner.java:259)
	at com.navinfo.dataservice.jobframework.service.ResponseJobHandler.handle(ResponseJobHandler.java:45)
	at com.navinfo.dataservice.dao.mq.MsgSubscriber.subscribeFromWorkQueue(MsgSubscriber.java:114)
	at com.navinfo.dataservice.dao.mq.job.JobMsgSubscriber$1.run(JobMsgSubscriber.java:31)
[2016-04-09 17:18:45,602]  INFO  1489[resp_job main thread] - MsgSubscriber.subscribeFromWorkQueue(115) - called handler...
[2016-04-09 17:18:45,602]  INFO  1489[resp_job main thread] - MsgSubscriber.subscribeFromWorkQueue(117) - msg acked
[2016-04-09 17:18:45,603]  INFO  1490[resp_job main thread] - MsgSubscriber.subscribeFromWorkQueue(110) - keep consuming...
[2016-04-09 17:18:45,604]  INFO  1491[resp_job main thread] - MsgSubscriber.subscribeFromWorkQueue(112) - get delivery...
[2016-04-09 17:18:45,606] DEBUG  1493[resp_job main thread] - MultiDataSourceFactory.getDataSource(128) - find datasource from cache,key=MAN
[2016-04-09 17:18:45,616] ERROR  1503[resp_job main thread] - ResponseJobHandler.handle(52) - ORA-00904: "RESPONSE": 标识符无效
 Query: UPDATE JOB_INFO SET RESPONSE=? WHERE JOB_ID=? Parameters: [{}, 17]
java.sql.SQLException: ORA-00904: "RESPONSE": 标识符无效
 Query: UPDATE JOB_INFO SET RESPONSE=? WHERE JOB_ID=? Parameters: [{}, 17]
	at org.apache.commons.dbutils.QueryRunner.rethrow(QueryRunner.java:542)
	at org.apache.commons.dbutils.QueryRunner.update(QueryRunner.java:599)
	at com.navinfo.navicommons.database.QueryRunner.update(QueryRunner.java:259)
	at com.navinfo.dataservice.jobframework.service.ResponseJobHandler.handle(ResponseJobHandler.java:45)
	at com.navinfo.dataservice.dao.mq.MsgSubscriber.subscribeFromWorkQueue(MsgSubscriber.java:114)
	at com.navinfo.dataservice.dao.mq.job.JobMsgSubscriber$1.run(JobMsgSubscriber.java:31)
[2016-04-09 17:18:45,618]  INFO  1505[resp_job main thread] - MsgSubscriber.subscribeFromWorkQueue(115) - called handler...
[2016-04-09 17:18:45,619]  INFO  1506[resp_job main thread] - MsgSubscriber.subscribeFromWorkQueue(117) - msg acked
[2016-04-09 17:18:45,619]  INFO  1506[resp_job main thread] - MsgSubscriber.subscribeFromWorkQueue(110) - keep consuming...
[2016-04-09 17:18:45,627]  INFO  1514[resp_job main thread] - MsgSubscriber.subscribeFromWorkQueue(112) - get delivery...
[2016-04-09 17:18:45,628] DEBUG  1515[resp_job main thread] - MultiDataSourceFactory.getDataSource(128) - find datasource from cache,key=MAN
[2016-04-09 17:18:45,636] ERROR  1523[resp_job main thread] - ResponseJobHandler.handle(52) - ORA-00904: "RESPONSE": 标识符无效
 Query: UPDATE JOB_INFO SET RESPONSE=? WHERE JOB_ID=? Parameters: [{}, 16]
java.sql.SQLException: ORA-00904: "RESPONSE": 标识符无效
 Query: UPDATE JOB_INFO SET RESPONSE=? WHERE JOB_ID=? Parameters: [{}, 16]
	at org.apache.commons.dbutils.QueryRunner.rethrow(QueryRunner.java:542)
	at org.apache.commons.dbutils.QueryRunner.update(QueryRunner.java:599)
	at com.navinfo.navicommons.database.QueryRunner.update(QueryRunner.java:259)
	at com.navinfo.dataservice.jobframework.service.ResponseJobHandler.handle(ResponseJobHandler.java:45)
	at com.navinfo.dataservice.dao.mq.MsgSubscriber.subscribeFromWorkQueue(MsgSubscriber.java:114)
	at com.navinfo.dataservice.dao.mq.job.JobMsgSubscriber$1.run(JobMsgSubscriber.java:31)
[2016-04-09 17:18:45,642]  INFO  1529[resp_job main thread] - MsgSubscriber.subscribeFromWorkQueue(115) - called handler...
[2016-04-09 17:18:45,643]  INFO  1530[resp_job main thread] - MsgSubscriber.subscribeFromWorkQueue(117) - msg acked
[2016-04-09 17:18:45,643]  INFO  1530[resp_job main thread] - MsgSubscriber.subscribeFromWorkQueue(110) - keep consuming...
[2016-04-09 17:18:45,645]  INFO  1532[resp_job main thread] - MsgSubscriber.subscribeFromWorkQueue(112) - get delivery...
[2016-04-09 17:18:45,646] DEBUG  1533[resp_job main thread] - MultiDataSourceFactory.getDataSource(128) - find datasource from cache,key=MAN
[2016-04-09 17:18:45,659] ERROR  1546[resp_job main thread] - ResponseJobHandler.handle(52) - ORA-00904: "RESPONSE": 标识符无效
 Query: UPDATE JOB_INFO SET RESPONSE=? WHERE JOB_ID=? Parameters: [{}, 18]
java.sql.SQLException: ORA-00904: "RESPONSE": 标识符无效
 Query: UPDATE JOB_INFO SET RESPONSE=? WHERE JOB_ID=? Parameters: [{}, 18]
	at org.apache.commons.dbutils.QueryRunner.rethrow(QueryRunner.java:542)
	at org.apache.commons.dbutils.QueryRunner.update(QueryRunner.java:599)
	at com.navinfo.navicommons.database.QueryRunner.update(QueryRunner.java:259)
	at com.navinfo.dataservice.jobframework.service.ResponseJobHandler.handle(ResponseJobHandler.java:45)
	at com.navinfo.dataservice.dao.mq.MsgSubscriber.subscribeFromWorkQueue(MsgSubscriber.java:114)
	at com.navinfo.dataservice.dao.mq.job.JobMsgSubscriber$1.run(JobMsgSubscriber.java:31)
[2016-04-09 17:18:45,661]  INFO  1548[resp_job main thread] - MsgSubscriber.subscribeFromWorkQueue(115) - called handler...
[2016-04-09 17:18:45,661]  INFO  1548[resp_job main thread] - MsgSubscriber.subscribeFromWorkQueue(117) - msg acked
[2016-04-09 17:18:45,661]  INFO  1548[resp_job main thread] - MsgSubscriber.subscribeFromWorkQueue(110) - keep consuming...
[2016-04-09 17:18:45,663]  INFO  1550[resp_job main thread] - MsgSubscriber.subscribeFromWorkQueue(112) - get delivery...
[2016-04-09 17:18:45,664] DEBUG  1551[resp_job main thread] - MultiDataSourceFactory.getDataSource(128) - find datasource from cache,key=MAN
[2016-04-09 17:18:45,670] ERROR  1557[resp_job main thread] - ResponseJobHandler.handle(52) - ORA-00904: "RESPONSE": 标识符无效
 Query: UPDATE JOB_INFO SET RESPONSE=? WHERE JOB_ID=? Parameters: [{}, 17]
java.sql.SQLException: ORA-00904: "RESPONSE": 标识符无效
 Query: UPDATE JOB_INFO SET RESPONSE=? WHERE JOB_ID=? Parameters: [{}, 17]
	at org.apache.commons.dbutils.QueryRunner.rethrow(QueryRunner.java:542)
	at org.apache.commons.dbutils.QueryRunner.update(QueryRunner.java:599)
	at com.navinfo.navicommons.database.QueryRunner.update(QueryRunner.java:259)
	at com.navinfo.dataservice.jobframework.service.ResponseJobHandler.handle(ResponseJobHandler.java:45)
	at com.navinfo.dataservice.dao.mq.MsgSubscriber.subscribeFromWorkQueue(MsgSubscriber.java:114)
	at com.navinfo.dataservice.dao.mq.job.JobMsgSubscriber$1.run(JobMsgSubscriber.java:31)
[2016-04-09 17:18:45,672]  INFO  1559[resp_job main thread] - MsgSubscriber.subscribeFromWorkQueue(115) - called handler...
[2016-04-09 17:18:45,673]  INFO  1560[resp_job main thread] - MsgSubscriber.subscribeFromWorkQueue(117) - msg acked
[2016-04-09 17:18:45,673]  INFO  1560[resp_job main thread] - MsgSubscriber.subscribeFromWorkQueue(110) - keep consuming...
[2016-04-09 17:18:45,676]  INFO  1563[resp_job main thread] - MsgSubscriber.subscribeFromWorkQueue(112) - get delivery...
[2016-04-09 17:18:45,677] DEBUG  1564[resp_job main thread] - MultiDataSourceFactory.getDataSource(128) - find datasource from cache,key=MAN
[2016-04-09 17:18:45,689] ERROR  1576[resp_job main thread] - ResponseJobHandler.handle(52) - ORA-00904: "RESPONSE": 标识符无效
 Query: UPDATE JOB_INFO SET RESPONSE=? WHERE JOB_ID=? Parameters: [{}, 16]
java.sql.SQLException: ORA-00904: "RESPONSE": 标识符无效
 Query: UPDATE JOB_INFO SET RESPONSE=? WHERE JOB_ID=? Parameters: [{}, 16]
	at org.apache.commons.dbutils.QueryRunner.rethrow(QueryRunner.java:542)
	at org.apache.commons.dbutils.QueryRunner.update(QueryRunner.java:599)
	at com.navinfo.navicommons.database.QueryRunner.update(QueryRunner.java:259)
	at com.navinfo.dataservice.jobframework.service.ResponseJobHandler.handle(ResponseJobHandler.java:45)
	at com.navinfo.dataservice.dao.mq.MsgSubscriber.subscribeFromWorkQueue(MsgSubscriber.java:114)
	at com.navinfo.dataservice.dao.mq.job.JobMsgSubscriber$1.run(JobMsgSubscriber.java:31)
[2016-04-09 17:18:45,691]  INFO  1578[resp_job main thread] - MsgSubscriber.subscribeFromWorkQueue(115) - called handler...
[2016-04-09 17:18:45,691]  INFO  1578[resp_job main thread] - MsgSubscriber.subscribeFromWorkQueue(117) - msg acked
[2016-04-09 17:18:45,692]  INFO  1579[resp_job main thread] - MsgSubscriber.subscribeFromWorkQueue(110) - keep consuming...
[2016-04-09 17:23:02,397]  INFO     0[main] - JobFinder4RunFromMQ.main(44) - Starting Server...
[2016-04-09 17:23:02,399]  INFO     2[main] - JobFinder4RunFromMQ.startFinding(23) - Starting find JobMsgType:resp_job
[2016-04-09 17:23:02,419] DEBUG    22[resp_job main thread] - DynamicSystemConfig.loadRawConfig(55) - parse file /com/navinfo/dataservice/commons/config/SystemConfig.xml
[2016-04-09 17:23:02,509] DEBUG   112[resp_job main thread] - DynamicSystemConfig.loadRawConfig(55) - parse file /SystemConfig.xml
[2016-04-09 17:23:02,512] ERROR   115[resp_job main thread] - DynamicSystemConfig.loadRawConfig(73) - null Nested exception: null
[2016-04-09 17:23:02,512]  WARN   115[resp_job main thread] - DynamicSystemConfig.loadRawConfig(74) - 加载配置文件/SystemConfig.xml错误，已忽略。。。
[2016-04-09 17:23:02,640]  INFO   243[resp_job main thread] - DriverManagerDataSource.setDriverClassName(133) - Loaded JDBC driver: oracle.jdbc.driver.OracleDriver
[2016-04-09 17:23:02,641] DEBUG   244[resp_job main thread] - DriverManagerDataSource.getConnectionFromDriver(142) - Creating new JDBC DriverManager Connection to [jdbc:oracle:thin:@192.168.4.131:1521/orcl]
[2016-04-09 17:23:03,148]  WARN   751[resp_job main thread] - DynamicSystemConfig.loadDynamicConfig(109) - 系统未配置app.type类型，已忽略。。。
[2016-04-09 17:23:03,322]  INFO   925[resp_job main thread] - MsgSubscriber.subscribeFromWorkQueue(110) - keep consuming...
[2016-04-09 17:23:03,324]  INFO   927[resp_job main thread] - MsgSubscriber.subscribeFromWorkQueue(112) - get delivery...
[2016-04-09 17:23:03,379] DEBUG   982[resp_job main thread] - MultiDataSourceFactory.getDataSource(115) - =============================DBINFO==========================
[2016-04-09 17:23:03,380] DEBUG   983[resp_job main thread] - MultiDataSourceFactory.getDataSource(116) - url:jdbc:oracle:thin:@192.168.4.131:1521/orcl
[2016-04-09 17:23:03,380] DEBUG   983[resp_job main thread] - MultiDataSourceFactory.getDataSource(117) - username:pm_xxw
[2016-04-09 17:23:03,380] DEBUG   983[resp_job main thread] - MultiDataSourceFactory.getDataSource(118) - password:pm_xxw
[2016-04-09 17:23:03,623]  INFO  1226[resp_job main thread] - MsgSubscriber.subscribeFromWorkQueue(115) - called handler...
[2016-04-09 17:23:03,624]  INFO  1227[resp_job main thread] - MsgSubscriber.subscribeFromWorkQueue(117) - msg acked
[2016-04-09 17:23:03,624]  INFO  1227[resp_job main thread] - MsgSubscriber.subscribeFromWorkQueue(110) - keep consuming...
[2016-04-09 17:23:03,626]  INFO  1229[resp_job main thread] - MsgSubscriber.subscribeFromWorkQueue(112) - get delivery...
[2016-04-09 17:23:03,627] DEBUG  1230[resp_job main thread] - MultiDataSourceFactory.getDataSource(128) - find datasource from cache,key=MAN
[2016-04-09 17:23:03,635]  INFO  1238[resp_job main thread] - MsgSubscriber.subscribeFromWorkQueue(115) - called handler...
[2016-04-09 17:23:03,636]  INFO  1239[resp_job main thread] - MsgSubscriber.subscribeFromWorkQueue(117) - msg acked
[2016-04-09 17:23:03,636]  INFO  1239[resp_job main thread] - MsgSubscriber.subscribeFromWorkQueue(110) - keep consuming...
[2016-04-09 17:23:03,639]  INFO  1242[resp_job main thread] - MsgSubscriber.subscribeFromWorkQueue(112) - get delivery...
[2016-04-09 17:23:03,639] DEBUG  1242[resp_job main thread] - MultiDataSourceFactory.getDataSource(128) - find datasource from cache,key=MAN
[2016-04-09 17:23:03,647]  INFO  1250[resp_job main thread] - MsgSubscriber.subscribeFromWorkQueue(115) - called handler...
[2016-04-09 17:23:03,647]  INFO  1250[resp_job main thread] - MsgSubscriber.subscribeFromWorkQueue(117) - msg acked
[2016-04-09 17:23:03,647]  INFO  1250[resp_job main thread] - MsgSubscriber.subscribeFromWorkQueue(110) - keep consuming...
