[2016-04-09 15:04:14,732]  INFO  1174[pool-4-thread-1] - SampleJob.volidateRequest(30) - 开始验证request参数...
[2016-04-09 15:04:17,732]  INFO  4174[pool-4-thread-1] - SampleJob.volidateRequest(36) - 验证request参数完成。
[2016-04-09 15:04:17,732]  INFO  4174[pool-4-thread-1] - SampleJob.computeStepCount(60) - 开始计算本次任务总步骤数...
[2016-04-09 15:04:20,732]  INFO  7174[pool-4-thread-1] - SampleJob.computeStepCount(62) - 计算完成。总步骤数为3。
[2016-04-09 15:04:20,732] DEBUG  7174[pool-4-thread-1] - MultiDataSourceFactory.getDataSource(128) - find datasource from cache,key=MAN
[2016-04-09 15:04:20,735] ERROR  7177[pool-4-thread-1] - AbstractJob.finishStep(119) - jobResponse不能为空
java.lang.Exception: jobResponse不能为空
	at com.navinfo.dataservice.dao.mq.job.JobMsgPublisher.responseJob(JobMsgPublisher.java:41)
	at com.navinfo.dataservice.jobframework.runjob.AbstractJob.finishStep(AbstractJob.java:117)
	at com.navinfo.dataservice.jobframework.runjob.AbstractJob.run(AbstractJob.java:50)
	at java.util.concurrent.ThreadPoolExecutor.runWorker(Unknown Source)
	at java.util.concurrent.ThreadPoolExecutor$Worker.run(Unknown Source)
	at java.lang.Thread.run(Unknown Source)
[2016-04-09 15:04:20,736] DEBUG  7178[pool-4-thread-1] - MultiDataSourceFactory.getDataSource(128) - find datasource from cache,key=MAN
[2016-04-09 15:04:20,737] ERROR  7179[pool-4-thread-1] - AbstractJob.run(60) - 
com.navinfo.dataservice.jobframework.exception.JobException: 
	at com.navinfo.dataservice.jobframework.runjob.AbstractJob.finishStep(AbstractJob.java:120)
	at com.navinfo.dataservice.jobframework.runjob.AbstractJob.run(AbstractJob.java:50)
	at java.util.concurrent.ThreadPoolExecutor.runWorker(Unknown Source)
	at java.util.concurrent.ThreadPoolExecutor$Worker.run(Unknown Source)
	at java.lang.Thread.run(Unknown Source)
